<?xml version="1.0" encoding="UTF-8"?>
<testsuite xmlns:xsi="http://www.w3.org/2001/XMLSchema-instance" xsi:noNamespaceSchemaLocation="https://maven.apache.org/surefire/maven-surefire-plugin/xsd/surefire-test-report-3.0.xsd" version="3.0" name="tests.Simulacoes.TestGetSimulacoes" time="0.497" tests="4" errors="0" skipped="0" failures="2">
  <properties>
[...]
</properties>
  <testcase name="deveRetornarSimulacoes" classname="tests.Simulacoes.TestGetSimulacoes" time="0.11"/>
  <testcase name="deveRetornarSimulacaoExistente" classname="tests.Simulacoes.TestGetSimulacoes" time="0.073"/>
  <testcase name="deveFalharSimulacaoInexistente" classname="tests.Simulacoes.TestGetSimulacoes" time="0.021">
    <failure message="simulacao (1 failure)&#10;	java.lang.AssertionError: &#10;Expected: &quot;O CPF 61829589029 possui restrição&quot;&#10;     but: was &quot;CPF 61829589029 não encontrado&quot;" type="org.opentest4j.MultipleFailuresError"><![CDATA[org.opentest4j.MultipleFailuresError: 
simulacao (1 failure)
	java.lang.AssertionError: 
Expected: "O CPF 61829589029 possui restrição"
     but: was "CPF 61829589029 não encontrado"
	at org.junit.jupiter.api.AssertAll.assertAll(AssertAll.java:80)
	at org.junit.jupiter.api.AssertAll.assertAll(AssertAll.java:44)
	at org.junit.jupiter.api.Assertions.assertAll(Assertions.java:2928)
	at tests.Simulacoes.TestGetSimulacoes.deveFalharSimulacaoInexistente(TestGetSimulacoes.java:69)
	at java.base/jdk.internal.reflect.DirectMethodHandleAccessor.invoke(DirectMethodHandleAccessor.java:104)
	at java.base/java.lang.reflect.Method.invoke(Method.java:578)
	at org.junit.platform.commons.util.ReflectionUtils.invokeMethod(ReflectionUtils.java:727)
	at org.junit.jupiter.engine.execution.MethodInvocation.proceed(MethodInvocation.java:60)
	at org.junit.jupiter.engine.execution.InvocationInterceptorChain$ValidatingInvocation.proceed(InvocationInterceptorChain.java:131)
	at org.junit.jupiter.api.extension.InvocationInterceptor.interceptTestMethod(InvocationInterceptor.java:118)
	at org.junit.jupiter.engine.execution.InterceptingExecutableInvoker$ReflectiveInterceptorCall.lambda$ofVoidMethod$0(InterceptingExecutableInvoker.java:103)
	at org.junit.jupiter.engine.execution.InterceptingExecutableInvoker.lambda$invoke$0(InterceptingExecutableInvoker.java:93)
	at org.junit.jupiter.engine.execution.InvocationInterceptorChain$InterceptedInvocation.proceed(InvocationInterceptorChain.java:106)
	at org.junit.jupiter.engine.extension.TimeoutExtension.intercept(TimeoutExtension.java:156)
	at org.junit.jupiter.engine.extension.TimeoutExtension.interceptTestableMethod(TimeoutExtension.java:147)
	at org.junit.jupiter.engine.extension.TimeoutExtension.interceptTestMethod(TimeoutExtension.java:86)
	at org.junit.jupiter.engine.execution.InterceptingExecutableInvoker$ReflectiveInterceptorCall.lambda$ofVoidMethod$0(InterceptingExecutableInvoker.java:103)
	at org.junit.jupiter.engine.execution.InterceptingExecutableInvoker.lambda$invoke$0(InterceptingExecutableInvoker.java:93)
	at org.junit.jupiter.engine.execution.InvocationInterceptorChain$InterceptedInvocation.proceed(InvocationInterceptorChain.java:106)
	at org.junit.jupiter.engine.execution.InvocationInterceptorChain.proceed(InvocationInterceptorChain.java:64)
	at org.junit.jupiter.engine.execution.InvocationInterceptorChain.chainAndInvoke(InvocationInterceptorChain.java:45)
	at org.junit.jupiter.engine.execution.InvocationInterceptorChain.invoke(InvocationInterceptorChain.java:37)
	at org.junit.jupiter.engine.execution.InterceptingExecutableInvoker.invoke(InterceptingExecutableInvoker.java:92)
	at org.junit.jupiter.engine.execution.InterceptingExecutableInvoker.invoke(InterceptingExecutableInvoker.java:86)
	at org.junit.jupiter.engine.descriptor.TestMethodTestDescriptor.lambda$invokeTestMethod$7(TestMethodTestDescriptor.java:217)
	at org.junit.platform.engine.support.hierarchical.ThrowableCollector.execute(ThrowableCollector.java:73)
	at org.junit.jupiter.engine.descriptor.TestMethodTestDescriptor.invokeTestMethod(TestMethodTestDescriptor.java:213)
	at org.junit.jupiter.engine.descriptor.TestMethodTestDescriptor.execute(TestMethodTestDescriptor.java:138)
	at org.junit.jupiter.engine.descriptor.TestMethodTestDescriptor.execute(TestMethodTestDescriptor.java:68)
	at org.junit.platform.engine.support.hierarchical.NodeTestTask.lambda$executeRecursively$6(NodeTestTask.java:151)
	at org.junit.platform.engine.support.hierarchical.ThrowableCollector.execute(ThrowableCollector.java:73)
	at org.junit.platform.engine.support.hierarchical.NodeTestTask.lambda$executeRecursively$8(NodeTestTask.java:141)
	at org.junit.platform.engine.support.hierarchical.Node.around(Node.java:137)
	at org.junit.platform.engine.support.hierarchical.NodeTestTask.lambda$executeRecursively$9(NodeTestTask.java:139)
	at org.junit.platform.engine.support.hierarchical.ThrowableCollector.execute(ThrowableCollector.java:73)
	at org.junit.platform.engine.support.hierarchical.NodeTestTask.executeRecursively(NodeTestTask.java:138)
	at org.junit.platform.engine.support.hierarchical.NodeTestTask.execute(NodeTestTask.java:95)
	at java.base/java.util.ArrayList.forEach(ArrayList.java:1511)
	at org.junit.platform.engine.support.hierarchical.SameThreadHierarchicalTestExecutorService.invokeAll(SameThreadHierarchicalTestExecutorService.java:41)
	at org.junit.platform.engine.support.hierarchical.NodeTestTask.lambda$executeRecursively$6(NodeTestTask.java:155)
	at org.junit.platform.engine.support.hierarchical.ThrowableCollector.execute(ThrowableCollector.java:73)
	at org.junit.platform.engine.support.hierarchical.NodeTestTask.lambda$executeRecursively$8(NodeTestTask.java:141)
	at org.junit.platform.engine.support.hierarchical.Node.around(Node.java:137)
	at org.junit.platform.engine.support.hierarchical.NodeTestTask.lambda$executeRecursively$9(NodeTestTask.java:139)
	at org.junit.platform.engine.support.hierarchical.ThrowableCollector.execute(ThrowableCollector.java:73)
	at org.junit.platform.engine.support.hierarchical.NodeTestTask.executeRecursively(NodeTestTask.java:138)
	at org.junit.platform.engine.support.hierarchical.NodeTestTask.execute(NodeTestTask.java:95)
	at java.base/java.util.ArrayList.forEach(ArrayList.java:1511)
	at org.junit.platform.engine.support.hierarchical.SameThreadHierarchicalTestExecutorService.invokeAll(SameThreadHierarchicalTestExecutorService.java:41)
	at org.junit.platform.engine.support.hierarchical.NodeTestTask.lambda$executeRecursively$6(NodeTestTask.java:155)
	at org.junit.platform.engine.support.hierarchical.ThrowableCollector.execute(ThrowableCollector.java:73)
	at org.junit.platform.engine.support.hierarchical.NodeTestTask.lambda$executeRecursively$8(NodeTestTask.java:141)
	at org.junit.platform.engine.support.hierarchical.Node.around(Node.java:137)
	at org.junit.platform.engine.support.hierarchical.NodeTestTask.lambda$executeRecursively$9(NodeTestTask.java:139)
	at org.junit.platform.engine.support.hierarchical.ThrowableCollector.execute(ThrowableCollector.java:73)
	at org.junit.platform.engine.support.hierarchical.NodeTestTask.executeRecursively(NodeTestTask.java:138)
	at org.junit.platform.engine.support.hierarchical.NodeTestTask.execute(NodeTestTask.java:95)
	at org.junit.platform.engine.support.hierarchical.SameThreadHierarchicalTestExecutorService.submit(SameThreadHierarchicalTestExecutorService.java:35)
	at org.junit.platform.engine.support.hierarchical.HierarchicalTestExecutor.execute(HierarchicalTestExecutor.java:57)
	at org.junit.platform.engine.support.hierarchical.HierarchicalTestEngine.execute(HierarchicalTestEngine.java:54)
	at org.junit.platform.launcher.core.EngineExecutionOrchestrator.execute(EngineExecutionOrchestrator.java:107)
	at org.junit.platform.launcher.core.EngineExecutionOrchestrator.execute(EngineExecutionOrchestrator.java:88)
	at org.junit.platform.launcher.core.EngineExecutionOrchestrator.lambda$execute$0(EngineExecutionOrchestrator.java:54)
	at org.junit.platform.launcher.core.EngineExecutionOrchestrator.withInterceptedStreams(EngineExecutionOrchestrator.java:67)
	at org.junit.platform.launcher.core.EngineExecutionOrchestrator.execute(EngineExecutionOrchestrator.java:52)
	at org.junit.platform.launcher.core.DefaultLauncher.execute(DefaultLauncher.java:114)
	at org.junit.platform.launcher.core.DefaultLauncher.execute(DefaultLauncher.java:86)
	at org.junit.platform.launcher.core.DefaultLauncherSession$DelegatingLauncher.execute(DefaultLauncherSession.java:86)
	at org.apache.maven.surefire.junitplatform.LazyLauncher.execute(LazyLauncher.java:55)
	at org.apache.maven.surefire.junitplatform.JUnitPlatformProvider.execute(JUnitPlatformProvider.java:223)
	at org.apache.maven.surefire.junitplatform.JUnitPlatformProvider.invokeAllTests(JUnitPlatformProvider.java:175)
	at org.apache.maven.surefire.junitplatform.JUnitPlatformProvider.invoke(JUnitPlatformProvider.java:139)
	at org.apache.maven.surefire.booter.ForkedBooter.runSuitesInProcess(ForkedBooter.java:456)
	at org.apache.maven.surefire.booter.ForkedBooter.execute(ForkedBooter.java:169)
	at org.apache.maven.surefire.booter.ForkedBooter.run(ForkedBooter.java:595)
	at org.apache.maven.surefire.booter.ForkedBooter.main(ForkedBooter.java:581)
	Suppressed: java.lang.AssertionError: 
Expected: "O CPF 61829589029 possui restrição"
     but: was "CPF 61829589029 não encontrado"
		at org.hamcrest.MatcherAssert.assertThat(MatcherAssert.java:18)
		at org.hamcrest.MatcherAssert.assertThat(MatcherAssert.java:6)
		at tests.Simulacoes.TestGetSimulacoes.lambda$deveFalharSimulacaoInexistente$7(TestGetSimulacoes.java:70)
		at org.junit.jupiter.api.AssertAll.lambda$assertAll$0(AssertAll.java:68)
		at java.base/java.util.stream.ReferencePipeline$3$1.accept(ReferencePipeline.java:197)
		at java.base/java.util.Spliterators$ArraySpliterator.forEachRemaining(Spliterators.java:1006)
		at java.base/java.util.stream.AbstractPipeline.copyInto(AbstractPipeline.java:509)
		at java.base/java.util.stream.AbstractPipeline.wrapAndCopyInto(AbstractPipeline.java:499)
		at java.base/java.util.stream.ReduceOps$ReduceOp.evaluateSequential(ReduceOps.java:921)
		at java.base/java.util.stream.AbstractPipeline.evaluate(AbstractPipeline.java:234)
		at java.base/java.util.stream.ReferencePipeline.collect(ReferencePipeline.java:682)
		at org.junit.jupiter.api.AssertAll.assertAll(AssertAll.java:77)
		... 75 more
]]></failure>
  </testcase>
  <testcase name="deveValidarSchema" classname="tests.Simulacoes.TestGetSimulacoes" time="0.253">
    <failure message="&#10;Expected: The content to match the given JSON schema.&#10;warning: the following keywords are unknown and will be ignored: [$id, examples]&#10;    level: &quot;warning&quot;&#10;    schema: {&quot;loadingURI&quot;:&quot;#&quot;,&quot;pointer&quot;:&quot;&quot;}&#10;    domain: &quot;syntax&quot;&#10;    ignored: [&quot;$id&quot;,&quot;examples&quot;]&#10;warning: the following keywords are unknown and will be ignored: [examples]&#10;    level: &quot;warning&quot;&#10;    schema: {&quot;loadingURI&quot;:&quot;#&quot;,&quot;pointer&quot;:&quot;/items&quot;}&#10;    domain: &quot;syntax&quot;&#10;    ignored: [&quot;examples&quot;]&#10;warning: the following keywords are unknown and will be ignored: [examples]&#10;    level: &quot;warning&quot;&#10;    schema: {&quot;loadingURI&quot;:&quot;#&quot;,&quot;pointer&quot;:&quot;/items/properties/cpf&quot;}&#10;    domain: &quot;syntax&quot;&#10;    ignored: [&quot;examples&quot;]&#10;warning: the following keywords are unknown and will be ignored: [examples]&#10;    level: &quot;warning&quot;&#10;    schema: {&quot;loadingURI&quot;:&quot;#&quot;,&quot;pointer&quot;:&quot;/items/properties/email&quot;}&#10;    domain: &quot;syntax&quot;&#10;    ignored: [&quot;examples&quot;]&#10;warning: the following keywords are unknown and will be ignored: [examples]&#10;    level: &quot;warning&quot;&#10;    schema: {&quot;loadingURI&quot;:&quot;#&quot;,&quot;pointer&quot;:&quot;/items/properties/id&quot;}&#10;    domain: &quot;syntax&quot;&#10;    ignored: [&quot;examples&quot;]&#10;warning: the following keywords are unknown and will be ignored: [examples]&#10;    level: &quot;warning&quot;&#10;    schema: {&quot;loadingURI&quot;:&quot;#&quot;,&quot;pointer&quot;:&quot;/items/properties/nome&quot;}&#10;    domain: &quot;syntax&quot;&#10;    ignored: [&quot;examples&quot;]&#10;warning: the following keywords are unknown and will be ignored: [examples]&#10;    level: &quot;warning&quot;&#10;    schema: {&quot;loadingURI&quot;:&quot;#&quot;,&quot;pointer&quot;:&quot;/items/properties/parcelas&quot;}&#10;    domain: &quot;syntax&quot;&#10;    ignored: [&quot;examples&quot;]&#10;warning: the following keywords are unknown and will be ignored: [examples]&#10;    level: &quot;warning&quot;&#10;    schema: {&quot;loadingURI&quot;:&quot;#&quot;,&quot;pointer&quot;:&quot;/items/properties/seguro&quot;}&#10;    domain: &quot;syntax&quot;&#10;    ignored: [&quot;examples&quot;]&#10;warning: the following keywords are unknown and will be ignored: [examples]&#10;    level: &quot;warning&quot;&#10;    schema: {&quot;loadingURI&quot;:&quot;#&quot;,&quot;pointer&quot;:&quot;/items/properties/valor&quot;}&#10;    domain: &quot;syntax&quot;&#10;    ignored: [&quot;examples&quot;]&#10;warning: the following keywords are unknown and will be ignored: [examples]&#10;    level: &quot;warning&quot;&#10;    schema: {&quot;loadingURI&quot;:&quot;#&quot;,&quot;pointer&quot;:&quot;/items&quot;}&#10;    domain: &quot;syntax&quot;&#10;    ignored: [&quot;examples&quot;]&#10;warning: the following keywords are unknown and will be ignored: [examples]&#10;    level: &quot;warning&quot;&#10;    schema: {&quot;loadingURI&quot;:&quot;#&quot;,&quot;pointer&quot;:&quot;/items/properties/cpf&quot;}&#10;    domain: &quot;syntax&quot;&#10;    ignored: [&quot;examples&quot;]&#10;warning: the following keywords are unknown and will be ignored: [examples]&#10;    level: &quot;warning&quot;&#10;    schema: {&quot;loadingURI&quot;:&quot;#&quot;,&quot;pointer&quot;:&quot;/items/properties/email&quot;}&#10;    domain: &quot;syntax&quot;&#10;    ignored: [&quot;examples&quot;]&#10;warning: the following keywords are unknown and will be ignored: [examples]&#10;    level: &quot;warning&quot;&#10;    schema: {&quot;loadingURI&quot;:&quot;#&quot;,&quot;pointer&quot;:&quot;/items/properties/id&quot;}&#10;    domain: &quot;syntax&quot;&#10;    ignored: [&quot;examples&quot;]&#10;warning: the following keywords are unknown and will be ignored: [examples]&#10;    level: &quot;warning&quot;&#10;    schema: {&quot;loadingURI&quot;:&quot;#&quot;,&quot;pointer&quot;:&quot;/items/properties/nome&quot;}&#10;    domain: &quot;syntax&quot;&#10;    ignored: [&quot;examples&quot;]&#10;warning: the following keywords are unknown and will be ignored: [examples]&#10;    level: &quot;warning&quot;&#10;    schema: {&quot;loadingURI&quot;:&quot;#&quot;,&quot;pointer&quot;:&quot;/items/properties/parcelas&quot;}&#10;    domain: &quot;syntax&quot;&#10;    ignored: [&quot;examples&quot;]&#10;warning: the following keywords are unknown and will be ignored: [examples]&#10;    level: &quot;warning&quot;&#10;    schema: {&quot;loadingURI&quot;:&quot;#&quot;,&quot;pointer&quot;:&quot;/items/properties/seguro&quot;}&#10;    domain: &quot;syntax&quot;&#10;    ignored: [&quot;examples&quot;]&#10;warning: the following keywords are unknown and will be ignored: [examples]&#10;    level: &quot;warning&quot;&#10;    schema: {&quot;loadingURI&quot;:&quot;#&quot;,&quot;pointer&quot;:&quot;/items/properties/valor&quot;}&#10;    domain: &quot;syntax&quot;&#10;    ignored: [&quot;examples&quot;]&#10;warning: the following keywords are unknown and will be ignored: [examples]&#10;    level: &quot;warning&quot;&#10;    schema: {&quot;loadingURI&quot;:&quot;#&quot;,&quot;pointer&quot;:&quot;/items/properties/cpf&quot;}&#10;    domain: &quot;syntax&quot;&#10;    ignored: [&quot;examples&quot;]&#10;error: instance type (string) does not match any allowed primitive type (allowed: [&quot;integer&quot;])&#10;    level: &quot;error&quot;&#10;    schema: {&quot;loadingURI&quot;:&quot;#&quot;,&quot;pointer&quot;:&quot;/items/properties/cpf&quot;}&#10;    instance: {&quot;pointer&quot;:&quot;/0/cpf&quot;}&#10;    domain: &quot;validation&quot;&#10;    keyword: &quot;type&quot;&#10;    found: &quot;string&quot;&#10;    expected: [&quot;integer&quot;]&#10;warning: the following keywords are unknown and will be ignored: [examples]&#10;    level: &quot;warning&quot;&#10;    schema: {&quot;loadingURI&quot;:&quot;#&quot;,&quot;pointer&quot;:&quot;/items/properties/email&quot;}&#10;    domain: &quot;syntax&quot;&#10;    ignored: [&quot;examples&quot;]&#10;warning: the following keywords are unknown and will be ignored: [examples]&#10;    level: &quot;warning&quot;&#10;    schema: {&quot;loadingURI&quot;:&quot;#&quot;,&quot;pointer&quot;:&quot;/items/properties/id&quot;}&#10;    domain: &quot;syntax&quot;&#10;    ignored: [&quot;examples&quot;]&#10;warning: the following keywords are unknown and will be ignored: [examples]&#10;    level: &quot;warning&quot;&#10;    schema: {&quot;loadingURI&quot;:&quot;#&quot;,&quot;pointer&quot;:&quot;/items/properties/nome&quot;}&#10;    domain: &quot;syntax&quot;&#10;    ignored: [&quot;examples&quot;]&#10;warning: the following keywords are unknown and will be ignored: [examples]&#10;    level: &quot;warning&quot;&#10;    schema: {&quot;loadingURI&quot;:&quot;#&quot;,&quot;pointer&quot;:&quot;/items/properties/parcelas&quot;}&#10;    domain: &quot;syntax&quot;&#10;    ignored: [&quot;examples&quot;]&#10;warning: the following keywords are unknown and will be ignored: [examples]&#10;    level: &quot;warning&quot;&#10;    schema: {&quot;loadingURI&quot;:&quot;#&quot;,&quot;pointer&quot;:&quot;/items/properties/seguro&quot;}&#10;    domain: &quot;syntax&quot;&#10;    ignored: [&quot;examples&quot;]&#10;warning: the following keywords are unknown and will be ignored: [examples]&#10;    level: &quot;warning&quot;&#10;    schema: {&quot;loadingURI&quot;:&quot;#&quot;,&quot;pointer&quot;:&quot;/items/properties/valor&quot;}&#10;    domain: &quot;syntax&quot;&#10;    ignored: [&quot;examples&quot;]&#10;error: instance type (number) does not match any allowed primitive type (allowed: [&quot;integer&quot;])&#10;    level: &quot;error&quot;&#10;    schema: {&quot;loadingURI&quot;:&quot;#&quot;,&quot;pointer&quot;:&quot;/items/properties/valor&quot;}&#10;    instance: {&quot;pointer&quot;:&quot;/0/valor&quot;}&#10;    domain: &quot;validation&quot;&#10;    keyword: &quot;type&quot;&#10;    found: &quot;number&quot;&#10;    expected: [&quot;integer&quot;]&#10;warning: the following keywords are unknown and will be ignored: [examples]&#10;    level: &quot;warning&quot;&#10;    schema: {&quot;loadingURI&quot;:&quot;#&quot;,&quot;pointer&quot;:&quot;/items&quot;}&#10;    domain: &quot;syntax&quot;&#10;    ignored: [&quot;examples&quot;]&#10;warning: the following keywords are unknown and will be ignored: [examples]&#10;    level: &quot;warning&quot;&#10;    schema: {&quot;loadingURI&quot;:&quot;#&quot;,&quot;pointer&quot;:&quot;/items/properties/cpf&quot;}&#10;    domain: &quot;syntax&quot;&#10;    ignored: [&quot;examples&quot;]&#10;warning: the following keywords are unknown and will be ignored: [examples]&#10;    level: &quot;warning&quot;&#10;    schema: {&quot;loadingURI&quot;:&quot;#&quot;,&quot;pointer&quot;:&quot;/items/properties/email&quot;}&#10;    domain: &quot;syntax&quot;&#10;    ignored: [&quot;examples&quot;]&#10;warning: the following keywords are unknown and will be ignored: [examples]&#10;    level: &quot;warning&quot;&#10;    schema: {&quot;loadingURI&quot;:&quot;#&quot;,&quot;pointer&quot;:&quot;/items/properties/id&quot;}&#10;    domain: &quot;syntax&quot;&#10;    ignored: [&quot;examples&quot;]&#10;warning: the following keywords are unknown and will be ignored: [examples]&#10;    level: &quot;warning&quot;&#10;    schema: {&quot;loadingURI&quot;:&quot;#&quot;,&quot;pointer&quot;:&quot;/items/properties/nome&quot;}&#10;    domain: &quot;syntax&quot;&#10;    ignored: [&quot;examples&quot;]&#10;warning: the following keywords are unknown and will be ignored: [examples]&#10;    level: &quot;warning&quot;&#10;    schema: {&quot;loadingURI&quot;:&quot;#&quot;,&quot;pointer&quot;:&quot;/items/properties/parcelas&quot;}&#10;    domain: &quot;syntax&quot;&#10;    ignored: [&quot;examples&quot;]&#10;warning: the following keywords are unknown and will be ignored: [examples]&#10;    level: &quot;warning&quot;&#10;    schema: {&quot;loadingURI&quot;:&quot;#&quot;,&quot;pointer&quot;:&quot;/items/properties/seguro&quot;}&#10;    domain: &quot;syntax&quot;&#10;    ignored: [&quot;examples&quot;]&#10;warning: the following keywords are unknown and will be ignored: [examples]&#10;    level: &quot;warning&quot;&#10;    schema: {&quot;loadingURI&quot;:&quot;#&quot;,&quot;pointer&quot;:&quot;/items/properties/valor&quot;}&#10;    domain: &quot;syntax&quot;&#10;    ignored: [&quot;examples&quot;]&#10;warning: the following keywords are unknown and will be ignored: [examples]&#10;    level: &quot;warning&quot;&#10;    schema: {&quot;loadingURI&quot;:&quot;#&quot;,&quot;pointer&quot;:&quot;/items&quot;}&#10;    domain: &quot;syntax&quot;&#10;    ignored: [&quot;examples&quot;]&#10;warning: the following keywords are unknown and will be ignored: [examples]&#10;    level: &quot;warning&quot;&#10;    schema: {&quot;loadingURI&quot;:&quot;#&quot;,&quot;pointer&quot;:&quot;/items/properties/cpf&quot;}&#10;    domain: &quot;syntax&quot;&#10;    ignored: [&quot;examples&quot;]&#10;warning: the following keywords are unknown and will be ignored: [examples]&#10;    level: &quot;warning&quot;&#10;    schema: {&quot;loadingURI&quot;:&quot;#&quot;,&quot;pointer&quot;:&quot;/items/properties/email&quot;}&#10;    domain: &quot;syntax&quot;&#10;    ignored: [&quot;examples&quot;]&#10;warning: the following keywords are unknown and will be ignored: [examples]&#10;    level: &quot;warning&quot;&#10;    schema: {&quot;loadingURI&quot;:&quot;#&quot;,&quot;pointer&quot;:&quot;/items/properties/id&quot;}&#10;    domain: &quot;syntax&quot;&#10;    ignored: [&quot;examples&quot;]&#10;warning: the following keywords are unknown and will be ignored: [examples]&#10;    level: &quot;warning&quot;&#10;    schema: {&quot;loadingURI&quot;:&quot;#&quot;,&quot;pointer&quot;:&quot;/items/properties/nome&quot;}&#10;    domain: &quot;syntax&quot;&#10;    ignored: [&quot;examples&quot;]&#10;warning: the following keywords are unknown and will be ignored: [examples]&#10;    level: &quot;warning&quot;&#10;    schema: {&quot;loadingURI&quot;:&quot;#&quot;,&quot;pointer&quot;:&quot;/items/properties/parcelas&quot;}&#10;    domain: &quot;syntax&quot;&#10;    ignored: [&quot;examples&quot;]&#10;warning: the following keywords are unknown and will be ignored: [examples]&#10;    level: &quot;warning&quot;&#10;    schema: {&quot;loadingURI&quot;:&quot;#&quot;,&quot;pointer&quot;:&quot;/items/properties/seguro&quot;}&#10;    domain: &quot;syntax&quot;&#10;    ignored: [&quot;examples&quot;]&#10;warning: the following keywords are unknown and will be ignored: [examples]&#10;    level: &quot;warning&quot;&#10;    schema: {&quot;loadingURI&quot;:&quot;#&quot;,&quot;pointer&quot;:&quot;/items/properties/valor&quot;}&#10;    domain: &quot;syntax&quot;&#10;    ignored: [&quot;examples&quot;]&#10;warning: the following keywords are unknown and will be ignored: [examples]&#10;    level: &quot;warning&quot;&#10;    schema: {&quot;loadingURI&quot;:&quot;#&quot;,&quot;pointer&quot;:&quot;/items&quot;}&#10;    domain: &quot;syntax&quot;&#10;    ignored: [&quot;examples&quot;]&#10;warning: the following keywords are unknown and will be ignored: [examples]&#10;    level: &quot;warning&quot;&#10;    schema: {&quot;loadingURI&quot;:&quot;#&quot;,&quot;pointer&quot;:&quot;/items/properties/cpf&quot;}&#10;    domain: &quot;syntax&quot;&#10;    ignored: [&quot;examples&quot;]&#10;warning: the following keywords are unknown and will be ignored: [examples]&#10;    level: &quot;warning&quot;&#10;    schema: {&quot;loadingURI&quot;:&quot;#&quot;,&quot;pointer&quot;:&quot;/items/properties/email&quot;}&#10;    domain: &quot;syntax&quot;&#10;    ignored: [&quot;examples&quot;]&#10;warning: the following keywords are unknown and will be ignored: [examples]&#10;    level: &quot;warning&quot;&#10;    schema: {&quot;loadingURI&quot;:&quot;#&quot;,&quot;pointer&quot;:&quot;/items/properties/id&quot;}&#10;    domain: &quot;syntax&quot;&#10;    ignored: [&quot;examples&quot;]&#10;warning: the following keywords are unknown and will be ignored: [examples]&#10;    level: &quot;warning&quot;&#10;    schema: {&quot;loadingURI&quot;:&quot;#&quot;,&quot;pointer&quot;:&quot;/items/properties/nome&quot;}&#10;    domain: &quot;syntax&quot;&#10;    ignored: [&quot;examples&quot;]&#10;warning: the following keywords are unknown and will be ignored: [examples]&#10;    level: &quot;warning&quot;&#10;    schema: {&quot;loadingURI&quot;:&quot;#&quot;,&quot;pointer&quot;:&quot;/items/properties/parcelas&quot;}&#10;    domain: &quot;syntax&quot;&#10;    ignored: [&quot;examples&quot;]&#10;warning: the following keywords are unknown and will be ignored: [examples]&#10;    level: &quot;warning&quot;&#10;    schema: {&quot;loadingURI&quot;:&quot;#&quot;,&quot;pointer&quot;:&quot;/items/properties/seguro&quot;}&#10;    domain: &quot;syntax&quot;&#10;    ignored: [&quot;examples&quot;]&#10;warning: the following keywords are unknown and will be ignored: [examples]&#10;    level: &quot;warning&quot;&#10;    schema: {&quot;loadingURI&quot;:&quot;#&quot;,&quot;pointer&quot;:&quot;/items/properties/valor&quot;}&#10;    domain: &quot;syntax&quot;&#10;    ignored: [&quot;examples&quot;]&#10;warning: the following keywords are unknown and will be ignored: [examples]&#10;    level: &quot;warning&quot;&#10;    schema: {&quot;loadingURI&quot;:&quot;#&quot;,&quot;pointer&quot;:&quot;/items&quot;}&#10;    domain: &quot;syntax&quot;&#10;    ignored: [&quot;examples&quot;]&#10;warning: the following keywords are unknown and will be ignored: [examples]&#10;    level: &quot;warning&quot;&#10;    schema: {&quot;loadingURI&quot;:&quot;#&quot;,&quot;pointer&quot;:&quot;/items/properties/cpf&quot;}&#10;    domain: &quot;syntax&quot;&#10;    ignored: [&quot;examples&quot;]&#10;warning: the following keywords are unknown and will be ignored: [examples]&#10;    level: &quot;warning&quot;&#10;    schema: {&quot;loadingURI&quot;:&quot;#&quot;,&quot;pointer&quot;:&quot;/items/properties/email&quot;}&#10;    domain: &quot;syntax&quot;&#10;    ignored: [&quot;examples&quot;]&#10;warning: the following keywords are unknown and will be ignored: [examples]&#10;    level: &quot;warning&quot;&#10;    schema: {&quot;loadingURI&quot;:&quot;#&quot;,&quot;pointer&quot;:&quot;/items/properties/id&quot;}&#10;    domain: &quot;syntax&quot;&#10;    ignored: [&quot;examples&quot;]&#10;warning: the following keywords are unknown and will be ignored: [examples]&#10;    level: &quot;warning&quot;&#10;    schema: {&quot;loadingURI&quot;:&quot;#&quot;,&quot;pointer&quot;:&quot;/items/properties/nome&quot;}&#10;    domain: &quot;syntax&quot;&#10;    ignored: [&quot;examples&quot;]&#10;warning: the following keywords are unknown and will be ignored: [examples]&#10;    level: &quot;warning&quot;&#10;    schema: {&quot;loadingURI&quot;:&quot;#&quot;,&quot;pointer&quot;:&quot;/items/properties/parcelas&quot;}&#10;    domain: &quot;syntax&quot;&#10;    ignored: [&quot;examples&quot;]&#10;warning: the following keywords are unknown and will be ignored: [examples]&#10;    level: &quot;warning&quot;&#10;    schema: {&quot;loadingURI&quot;:&quot;#&quot;,&quot;pointer&quot;:&quot;/items/properties/seguro&quot;}&#10;    domain: &quot;syntax&quot;&#10;    ignored: [&quot;examples&quot;]&#10;warning: the following keywords are unknown and will be ignored: [examples]&#10;    level: &quot;warning&quot;&#10;    schema: {&quot;loadingURI&quot;:&quot;#&quot;,&quot;pointer&quot;:&quot;/items/properties/valor&quot;}&#10;    domain: &quot;syntax&quot;&#10;    ignored: [&quot;examples&quot;]&#10;warning: the following keywords are unknown and will be ignored: [examples]&#10;    level: &quot;warning&quot;&#10;    schema: {&quot;loadingURI&quot;:&quot;#&quot;,&quot;pointer&quot;:&quot;/items&quot;}&#10;    domain: &quot;syntax&quot;&#10;    ignored: [&quot;examples&quot;]&#10;warning: the following keywords are unknown and will be ignored: [examples]&#10;    level: &quot;warning&quot;&#10;    schema: {&quot;loadingURI&quot;:&quot;#&quot;,&quot;pointer&quot;:&quot;/items/properties/cpf&quot;}&#10;    domain: &quot;syntax&quot;&#10;    ignored: [&quot;examples&quot;]&#10;warning: the following keywords are unknown and will be ignored: [examples]&#10;    level: &quot;warning&quot;&#10;    schema: {&quot;loadingURI&quot;:&quot;#&quot;,&quot;pointer&quot;:&quot;/items/properties/email&quot;}&#10;    domain: &quot;syntax&quot;&#10;    ignored: [&quot;examples&quot;]&#10;warning: the following keywords are unknown and will be ignored: [examples]&#10;    level: &quot;warning&quot;&#10;    schema: {&quot;loadingURI&quot;:&quot;#&quot;,&quot;pointer&quot;:&quot;/items/properties/id&quot;}&#10;    domain: &quot;syntax&quot;&#10;    ignored: [&quot;examples&quot;]&#10;warning: the following keywords are unknown and will be ignored: [examples]&#10;    level: &quot;warning&quot;&#10;    schema: {&quot;loadingURI&quot;:&quot;#&quot;,&quot;pointer&quot;:&quot;/items/properties/nome&quot;}&#10;    domain: &quot;syntax&quot;&#10;    ignored: [&quot;examples&quot;]&#10;warning: the following keywords are unknown and will be ignored: [examples]&#10;    level: &quot;warning&quot;&#10;    schema: {&quot;loadingURI&quot;:&quot;#&quot;,&quot;pointer&quot;:&quot;/items/properties/parcelas&quot;}&#10;    domain: &quot;syntax&quot;&#10;    ignored: [&quot;examples&quot;]&#10;warning: the following keywords are unknown and will be ignored: [examples]&#10;    level: &quot;warning&quot;&#10;    schema: {&quot;loadingURI&quot;:&quot;#&quot;,&quot;pointer&quot;:&quot;/items/properties/seguro&quot;}&#10;    domain: &quot;syntax&quot;&#10;    ignored: [&quot;examples&quot;]&#10;warning: the following keywords are unknown and will be ignored: [examples]&#10;    level: &quot;warning&quot;&#10;    schema: {&quot;loadingURI&quot;:&quot;#&quot;,&quot;pointer&quot;:&quot;/items/properties/valor&quot;}&#10;    domain: &quot;syntax&quot;&#10;    ignored: [&quot;examples&quot;]&#10;warning: the following keywords are unknown and will be ignored: [examples]&#10;    level: &quot;warning&quot;&#10;    schema: {&quot;loadingURI&quot;:&quot;#&quot;,&quot;pointer&quot;:&quot;/items&quot;}&#10;    domain: &quot;syntax&quot;&#10;    ignored: [&quot;examples&quot;]&#10;warning: the following keywords are unknown and will be ignored: [examples]&#10;    level: &quot;warning&quot;&#10;    schema: {&quot;loadingURI&quot;:&quot;#&quot;,&quot;pointer&quot;:&quot;/items/properties/cpf&quot;}&#10;    domain: &quot;syntax&quot;&#10;    ignored: [&quot;examples&quot;]&#10;warning: the following keywords are unknown and will be ignored: [examples]&#10;    level: &quot;warning&quot;&#10;    schema: {&quot;loadingURI&quot;:&quot;#&quot;,&quot;pointer&quot;:&quot;/items/properties/email&quot;}&#10;    domain: &quot;syntax&quot;&#10;    ignored: [&quot;examples&quot;]&#10;warning: the following keywords are unknown and will be ignored: [examples]&#10;    level: &quot;warning&quot;&#10;    schema: {&quot;loadingURI&quot;:&quot;#&quot;,&quot;pointer&quot;:&quot;/items/properties/id&quot;}&#10;    domain: &quot;syntax&quot;&#10;    ignored: [&quot;examples&quot;]&#10;warning: the following keywords are unknown and will be ignored: [examples]&#10;    level: &quot;warning&quot;&#10;    schema: {&quot;loadingURI&quot;:&quot;#&quot;,&quot;pointer&quot;:&quot;/items/properties/nome&quot;}&#10;    domain: &quot;syntax&quot;&#10;    ignored: [&quot;examples&quot;]&#10;warning: the following keywords are unknown and will be ignored: [examples]&#10;    level: &quot;warning&quot;&#10;    schema: {&quot;loadingURI&quot;:&quot;#&quot;,&quot;pointer&quot;:&quot;/items/properties/parcelas&quot;}&#10;    domain: &quot;syntax&quot;&#10;    ignored: [&quot;examples&quot;]&#10;warning: the following keywords are unknown and will be ignored: [examples]&#10;    level: &quot;warning&quot;&#10;    schema: {&quot;loadingURI&quot;:&quot;#&quot;,&quot;pointer&quot;:&quot;/items/properties/seguro&quot;}&#10;    domain: &quot;syntax&quot;&#10;    ignored: [&quot;examples&quot;]&#10;warning: the following keywords are unknown and will be ignored: [examples]&#10;    level: &quot;warning&quot;&#10;    schema: {&quot;loadingURI&quot;:&quot;#&quot;,&quot;pointer&quot;:&quot;/items/properties/valor&quot;}&#10;    domain: &quot;syntax&quot;&#10;    ignored: [&quot;examples&quot;]&#10;warning: the following keywords are unknown and will be ignored: [examples]&#10;    level: &quot;warning&quot;&#10;    schema: {&quot;loadingURI&quot;:&quot;#&quot;,&quot;pointer&quot;:&quot;/items&quot;}&#10;    domain: &quot;syntax&quot;&#10;    ignored: [&quot;examples&quot;]&#10;warning: the following keywords are unknown and will be ignored: [examples]&#10;    level: &quot;warning&quot;&#10;    schema: {&quot;loadingURI&quot;:&quot;#&quot;,&quot;pointer&quot;:&quot;/items/properties/cpf&quot;}&#10;    domain: &quot;syntax&quot;&#10;    ignored: [&quot;examples&quot;]&#10;warning: the following keywords are unknown and will be ignored: [examples]&#10;    level: &quot;warning&quot;&#10;    schema: {&quot;loadingURI&quot;:&quot;#&quot;,&quot;pointer&quot;:&quot;/items/properties/email&quot;}&#10;    domain: &quot;syntax&quot;&#10;    ignored: [&quot;examples&quot;]&#10;warning: the following keywords are unknown and will be ignored: [examples]&#10;    level: &quot;warning&quot;&#10;    schema: {&quot;loadingURI&quot;:&quot;#&quot;,&quot;pointer&quot;:&quot;/items/properties/id&quot;}&#10;    domain: &quot;syntax&quot;&#10;    ignored: [&quot;examples&quot;]&#10;warning: the following keywords are unknown and will be ignored: [examples]&#10;    level: &quot;warning&quot;&#10;    schema: {&quot;loadingURI&quot;:&quot;#&quot;,&quot;pointer&quot;:&quot;/items/properties/nome&quot;}&#10;    domain: &quot;syntax&quot;&#10;    ignored: [&quot;examples&quot;]&#10;warning: the following keywords are unknown and will be ignored: [examples]&#10;    level: &quot;warning&quot;&#10;    schema: {&quot;loadingURI&quot;:&quot;#&quot;,&quot;pointer&quot;:&quot;/items/properties/parcelas&quot;}&#10;    domain: &quot;syntax&quot;&#10;    ignored: [&quot;examples&quot;]&#10;warning: the following keywords are unknown and will be ignored: [examples]&#10;    level: &quot;warning&quot;&#10;    schema: {&quot;loadingURI&quot;:&quot;#&quot;,&quot;pointer&quot;:&quot;/items/properties/seguro&quot;}&#10;    domain: &quot;syntax&quot;&#10;    ignored: [&quot;examples&quot;]&#10;warning: the following keywords are unknown and will be ignored: [examples]&#10;    level: &quot;warning&quot;&#10;    schema: {&quot;loadingURI&quot;:&quot;#&quot;,&quot;pointer&quot;:&quot;/items/properties/valor&quot;}&#10;    domain: &quot;syntax&quot;&#10;    ignored: [&quot;examples&quot;]&#10;warning: the following keywords are unknown and will be ignored: [examples]&#10;    level: &quot;warning&quot;&#10;    schema: {&quot;loadingURI&quot;:&quot;#&quot;,&quot;pointer&quot;:&quot;/items&quot;}&#10;    domain: &quot;syntax&quot;&#10;    ignored: [&quot;examples&quot;]&#10;warning: the following keywords are unknown and will be ignored: [examples]&#10;    level: &quot;warning&quot;&#10;    schema: {&quot;loadingURI&quot;:&quot;#&quot;,&quot;pointer&quot;:&quot;/items/properties/cpf&quot;}&#10;    domain: &quot;syntax&quot;&#10;    ignored: [&quot;examples&quot;]&#10;warning: the following keywords are unknown and will be ignored: [examples]&#10;    level: &quot;warning&quot;&#10;    schema: {&quot;loadingURI&quot;:&quot;#&quot;,&quot;pointer&quot;:&quot;/items/properties/email&quot;}&#10;    domain: &quot;syntax&quot;&#10;    ignored: [&quot;examples&quot;]&#10;warning: the following keywords are unknown and will be ignored: [examples]&#10;    level: &quot;warning&quot;&#10;    schema: {&quot;loadingURI&quot;:&quot;#&quot;,&quot;pointer&quot;:&quot;/items/properties/id&quot;}&#10;    domain: &quot;syntax&quot;&#10;    ignored: [&quot;examples&quot;]&#10;warning: the following keywords are unknown and will be ignored: [examples]&#10;    level: &quot;warning&quot;&#10;    schema: {&quot;loadingURI&quot;:&quot;#&quot;,&quot;pointer&quot;:&quot;/items/properties/nome&quot;}&#10;    domain: &quot;syntax&quot;&#10;    ignored: [&quot;examples&quot;]&#10;warning: the following keywords are unknown and will be ignored: [examples]&#10;    level: &quot;warning&quot;&#10;    schema: {&quot;loadingURI&quot;:&quot;#&quot;,&quot;pointer&quot;:&quot;/items/properties/parcelas&quot;}&#10;    domain: &quot;syntax&quot;&#10;    ignored: [&quot;examples&quot;]&#10;warning: the following keywords are unknown and will be ignored: [examples]&#10;    level: &quot;warning&quot;&#10;    schema: {&quot;loadingURI&quot;:&quot;#&quot;,&quot;pointer&quot;:&quot;/items/properties/seguro&quot;}&#10;    domain: &quot;syntax&quot;&#10;    ignored: [&quot;examples&quot;]&#10;warning: the following keywords are unknown and will be ignored: [examples]&#10;    level: &quot;warning&quot;&#10;    schema: {&quot;loadingURI&quot;:&quot;#&quot;,&quot;pointer&quot;:&quot;/items/properties/valor&quot;}&#10;    domain: &quot;syntax&quot;&#10;    ignored: [&quot;examples&quot;]&#10;warning: the following keywords are unknown and will be ignored: [examples]&#10;    level: &quot;warning&quot;&#10;    schema: {&quot;loadingURI&quot;:&quot;#&quot;,&quot;pointer&quot;:&quot;/items&quot;}&#10;    domain: &quot;syntax&quot;&#10;    ignored: [&quot;examples&quot;]&#10;warning: the following keywords are unknown and will be ignored: [examples]&#10;    level: &quot;warning&quot;&#10;    schema: {&quot;loadingURI&quot;:&quot;#&quot;,&quot;pointer&quot;:&quot;/items/properties/cpf&quot;}&#10;    domain: &quot;syntax&quot;&#10;    ignored: [&quot;examples&quot;]&#10;warning: the following keywords are unknown and will be ignored: [examples]&#10;    level: &quot;warning&quot;&#10;    schema: {&quot;loadingURI&quot;:&quot;#&quot;,&quot;pointer&quot;:&quot;/items/properties/email&quot;}&#10;    domain: &quot;syntax&quot;&#10;    ignored: [&quot;examples&quot;]&#10;warning: the following keywords are unknown and will be ignored: [examples]&#10;    level: &quot;warning&quot;&#10;    schema: {&quot;loadingURI&quot;:&quot;#&quot;,&quot;pointer&quot;:&quot;/items/properties/id&quot;}&#10;    domain: &quot;syntax&quot;&#10;    ignored: [&quot;examples&quot;]&#10;warning: the following keywords are unknown and will be ignored: [examples]&#10;    level: &quot;warning&quot;&#10;    schema: {&quot;loadingURI&quot;:&quot;#&quot;,&quot;pointer&quot;:&quot;/items/properties/nome&quot;}&#10;    domain: &quot;syntax&quot;&#10;    ignored: [&quot;examples&quot;]&#10;warning: the following keywords are unknown and will be ignored: [examples]&#10;    level: &quot;warning&quot;&#10;    schema: {&quot;loadingURI&quot;:&quot;#&quot;,&quot;pointer&quot;:&quot;/items/properties/parcelas&quot;}&#10;    domain: &quot;syntax&quot;&#10;    ignored: [&quot;examples&quot;]&#10;warning: the following keywords are unknown and will be ignored: [examples]&#10;    level: &quot;warning&quot;&#10;    schema: {&quot;loadingURI&quot;:&quot;#&quot;,&quot;pointer&quot;:&quot;/items/properties/seguro&quot;}&#10;    domain: &quot;syntax&quot;&#10;    ignored: [&quot;examples&quot;]&#10;warning: the following keywords are unknown and will be ignored: [examples]&#10;    level: &quot;warning&quot;&#10;    schema: {&quot;loadingURI&quot;:&quot;#&quot;,&quot;pointer&quot;:&quot;/items/properties/valor&quot;}&#10;    domain: &quot;syntax&quot;&#10;    ignored: [&quot;examples&quot;]&#10;warning: the following keywords are unknown and will be ignored: [examples]&#10;    level: &quot;warning&quot;&#10;    schema: {&quot;loadingURI&quot;:&quot;#&quot;,&quot;pointer&quot;:&quot;/items&quot;}&#10;    domain: &quot;syntax&quot;&#10;    ignored: [&quot;examples&quot;]&#10;warning: the following keywords are unknown and will be ignored: [examples]&#10;    level: &quot;warning&quot;&#10;    schema: {&quot;loadingURI&quot;:&quot;#&quot;,&quot;pointer&quot;:&quot;/items/properties/cpf&quot;}&#10;    domain: &quot;syntax&quot;&#10;    ignored: [&quot;examples&quot;]&#10;warning: the following keywords are unknown and will be ignored: [examples]&#10;    level: &quot;warning&quot;&#10;    schema: {&quot;loadingURI&quot;:&quot;#&quot;,&quot;pointer&quot;:&quot;/items/properties/email&quot;}&#10;    domain: &quot;syntax&quot;&#10;    ignored: [&quot;examples&quot;]&#10;warning: the following keywords are unknown and will be ignored: [examples]&#10;    level: &quot;warning&quot;&#10;    schema: {&quot;loadingURI&quot;:&quot;#&quot;,&quot;pointer&quot;:&quot;/items/properties/id&quot;}&#10;    domain: &quot;syntax&quot;&#10;    ignored: [&quot;examples&quot;]&#10;warning: the following keywords are unknown and will be ignored: [examples]&#10;    level: &quot;warning&quot;&#10;    schema: {&quot;loadingURI&quot;:&quot;#&quot;,&quot;pointer&quot;:&quot;/items/properties/nome&quot;}&#10;    domain: &quot;syntax&quot;&#10;    ignored: [&quot;examples&quot;]&#10;warning: the following keywords are unknown and will be ignored: [examples]&#10;    level: &quot;warning&quot;&#10;    schema: {&quot;loadingURI&quot;:&quot;#&quot;,&quot;pointer&quot;:&quot;/items/properties/parcelas&quot;}&#10;    domain: &quot;syntax&quot;&#10;    ignored: [&quot;examples&quot;]&#10;warning: the following keywords are unknown and will be ignored: [examples]&#10;    level: &quot;warning&quot;&#10;    schema: {&quot;loadingURI&quot;:&quot;#&quot;,&quot;pointer&quot;:&quot;/items/properties/seguro&quot;}&#10;    domain: &quot;syntax&quot;&#10;    ignored: [&quot;examples&quot;]&#10;warning: the following keywords are unknown and will be ignored: [examples]&#10;    level: &quot;warning&quot;&#10;    schema: {&quot;loadingURI&quot;:&quot;#&quot;,&quot;pointer&quot;:&quot;/items/properties/valor&quot;}&#10;    domain: &quot;syntax&quot;&#10;    ignored: [&quot;examples&quot;]&#10;warning: the following keywords are unknown and will be ignored: [examples]&#10;    level: &quot;warning&quot;&#10;    schema: {&quot;loadingURI&quot;:&quot;#&quot;,&quot;pointer&quot;:&quot;/items&quot;}&#10;    domain: &quot;syntax&quot;&#10;    ignored: [&quot;examples&quot;]&#10;warning: the following keywords are unknown and will be ignored: [examples]&#10;    level: &quot;warning&quot;&#10;    schema: {&quot;loadingURI&quot;:&quot;#&quot;,&quot;pointer&quot;:&quot;/items/properties/cpf&quot;}&#10;    domain: &quot;syntax&quot;&#10;    ignored: [&quot;examples&quot;]&#10;warning: the following keywords are unknown and will be ignored: [examples]&#10;    level: &quot;warning&quot;&#10;    schema: {&quot;loadingURI&quot;:&quot;#&quot;,&quot;pointer&quot;:&quot;/items/properties/email&quot;}&#10;    domain: &quot;syntax&quot;&#10;    ignored: [&quot;examples&quot;]&#10;warning: the following keywords are unknown and will be ignored: [examples]&#10;    level: &quot;warning&quot;&#10;    schema: {&quot;loadingURI&quot;:&quot;#&quot;,&quot;pointer&quot;:&quot;/items/properties/id&quot;}&#10;    domain: &quot;syntax&quot;&#10;    ignored: [&quot;examples&quot;]&#10;warning: the following keywords are unknown and will be ignored: [examples]&#10;    level: &quot;warning&quot;&#10;    schema: {&quot;loadingURI&quot;:&quot;#&quot;,&quot;pointer&quot;:&quot;/items/properties/nome&quot;}&#10;    domain: &quot;syntax&quot;&#10;    ignored: [&quot;examples&quot;]&#10;warning: the following keywords are unknown and will be ignored: [examples]&#10;    level: &quot;warning&quot;&#10;    schema: {&quot;loadingURI&quot;:&quot;#&quot;,&quot;pointer&quot;:&quot;/items/properties/parcelas&quot;}&#10;    domain: &quot;syntax&quot;&#10;    ignored: [&quot;examples&quot;]&#10;warning: the following keywords are unknown and will be ignored: [examples]&#10;    level: &quot;warning&quot;&#10;    schema: {&quot;loadingURI&quot;:&quot;#&quot;,&quot;pointer&quot;:&quot;/items/properties/seguro&quot;}&#10;    domain: &quot;syntax&quot;&#10;    ignored: [&quot;examples&quot;]&#10;warning: the following keywords are unknown and will be ignored: [examples]&#10;    level: &quot;warning&quot;&#10;    schema: {&quot;loadingURI&quot;:&quot;#&quot;,&quot;pointer&quot;:&quot;/items/properties/valor&quot;}&#10;    domain: &quot;syntax&quot;&#10;    ignored: [&quot;examples&quot;]&#10;warning: the following keywords are unknown and will be ignored: [examples]&#10;    level: &quot;warning&quot;&#10;    schema: {&quot;loadingURI&quot;:&quot;#&quot;,&quot;pointer&quot;:&quot;/items&quot;}&#10;    domain: &quot;syntax&quot;&#10;    ignored: [&quot;examples&quot;]&#10;warning: the following keywords are unknown and will be ignored: [examples]&#10;    level: &quot;warning&quot;&#10;    schema: {&quot;loadingURI&quot;:&quot;#&quot;,&quot;pointer&quot;:&quot;/items/properties/cpf&quot;}&#10;    domain: &quot;syntax&quot;&#10;    ignored: [&quot;examples&quot;]&#10;warning: the following keywords are unknown and will be ignored: [examples]&#10;    level: &quot;warning&quot;&#10;    schema: {&quot;loadingURI&quot;:&quot;#&quot;,&quot;pointer&quot;:&quot;/items/properties/email&quot;}&#10;    domain: &quot;syntax&quot;&#10;    ignored: [&quot;examples&quot;]&#10;warning: the following keywords are unknown and will be ignored: [examples]&#10;    level: &quot;warning&quot;&#10;    schema: {&quot;loadingURI&quot;:&quot;#&quot;,&quot;pointer&quot;:&quot;/items/properties/id&quot;}&#10;    domain: &quot;syntax&quot;&#10;    ignored: [&quot;examples&quot;]&#10;warning: the following keywords are unknown and will be ignored: [examples]&#10;    level: &quot;warning&quot;&#10;    schema: {&quot;loadingURI&quot;:&quot;#&quot;,&quot;pointer&quot;:&quot;/items/properties/nome&quot;}&#10;    domain: &quot;syntax&quot;&#10;    ignored: [&quot;examples&quot;]&#10;warning: the following keywords are unknown and will be ignored: [examples]&#10;    level: &quot;warning&quot;&#10;    schema: {&quot;loadingURI&quot;:&quot;#&quot;,&quot;pointer&quot;:&quot;/items/properties/parcelas&quot;}&#10;    domain: &quot;syntax&quot;&#10;    ignored: [&quot;examples&quot;]&#10;warning: the following keywords are unknown and will be ignored: [examples]&#10;    level: &quot;warning&quot;&#10;    schema: {&quot;loadingURI&quot;:&quot;#&quot;,&quot;pointer&quot;:&quot;/items/properties/seguro&quot;}&#10;    domain: &quot;syntax&quot;&#10;    ignored: [&quot;examples&quot;]&#10;warning: the following keywords are unknown and will be ignored: [examples]&#10;    level: &quot;warning&quot;&#10;    schema: {&quot;loadingURI&quot;:&quot;#&quot;,&quot;pointer&quot;:&quot;/items/properties/valor&quot;}&#10;    domain: &quot;syntax&quot;&#10;    ignored: [&quot;examples&quot;]&#10;warning: the following keywords are unknown and will be ignored: [examples]&#10;    level: &quot;warning&quot;&#10;    schema: {&quot;loadingURI&quot;:&quot;#&quot;,&quot;pointer&quot;:&quot;/items&quot;}&#10;    domain: &quot;syntax&quot;&#10;    ignored: [&quot;examples&quot;]&#10;warning: the following keywords are unknown and will be ignored: [examples]&#10;    level: &quot;warning&quot;&#10;    schema: {&quot;loadingURI&quot;:&quot;#&quot;,&quot;pointer&quot;:&quot;/items/properties/cpf&quot;}&#10;    domain: &quot;syntax&quot;&#10;    ignored: [&quot;examples&quot;]&#10;warning: the following keywords are unknown and will be ignored: [examples]&#10;    level: &quot;warning&quot;&#10;    schema: {&quot;loadingURI&quot;:&quot;#&quot;,&quot;pointer&quot;:&quot;/items/properties/email&quot;}&#10;    domain: &quot;syntax&quot;&#10;    ignored: [&quot;examples&quot;]&#10;warning: the following keywords are unknown and will be ignored: [examples]&#10;    level: &quot;warning&quot;&#10;    schema: {&quot;loadingURI&quot;:&quot;#&quot;,&quot;pointer&quot;:&quot;/items/properties/id&quot;}&#10;    domain: &quot;syntax&quot;&#10;    ignored: [&quot;examples&quot;]&#10;warning: the following keywords are unknown and will be ignored: [examples]&#10;    level: &quot;warning&quot;&#10;    schema: {&quot;loadingURI&quot;:&quot;#&quot;,&quot;pointer&quot;:&quot;/items/properties/nome&quot;}&#10;    domain: &quot;syntax&quot;&#10;    ignored: [&quot;examples&quot;]&#10;warning: the following keywords are unknown and will be ignored: [examples]&#10;    level: &quot;warning&quot;&#10;    schema: {&quot;loadingURI&quot;:&quot;#&quot;,&quot;pointer&quot;:&quot;/items/properties/parcelas&quot;}&#10;    domain: &quot;syntax&quot;&#10;    ignored: [&quot;examples&quot;]&#10;warning: the following keywords are unknown and will be ignored: [examples]&#10;    level: &quot;warning&quot;&#10;    schema: {&quot;loadingURI&quot;:&quot;#&quot;,&quot;pointer&quot;:&quot;/items/properties/seguro&quot;}&#10;    domain: &quot;syntax&quot;&#10;    ignored: [&quot;examples&quot;]&#10;warning: the following keywords are unknown and will be ignored: [examples]&#10;    level: &quot;warning&quot;&#10;    schema: {&quot;loadingURI&quot;:&quot;#&quot;,&quot;pointer&quot;:&quot;/items/properties/valor&quot;}&#10;    domain: &quot;syntax&quot;&#10;    ignored: [&quot;examples&quot;]&#10;warning: the following keywords are unknown and will be ignored: [examples]&#10;    level: &quot;warning&quot;&#10;    schema: {&quot;loadingURI&quot;:&quot;#&quot;,&quot;pointer&quot;:&quot;/items&quot;}&#10;    domain: &quot;syntax&quot;&#10;    ignored: [&quot;examples&quot;]&#10;warning: the following keywords are unknown and will be ignored: [examples]&#10;    level: &quot;warning&quot;&#10;    schema: {&quot;loadingURI&quot;:&quot;#&quot;,&quot;pointer&quot;:&quot;/items/properties/cpf&quot;}&#10;    domain: &quot;syntax&quot;&#10;    ignored: [&quot;examples&quot;]&#10;warning: the following keywords are unknown and will be ignored: [examples]&#10;    level: &quot;warning&quot;&#10;    schema: {&quot;loadingURI&quot;:&quot;#&quot;,&quot;pointer&quot;:&quot;/items/properties/email&quot;}&#10;    domain: &quot;syntax&quot;&#10;    ignored: [&quot;examples&quot;]&#10;warning: the following keywords are unknown and will be ignored: [examples]&#10;    level: &quot;warning&quot;&#10;    schema: {&quot;loadingURI&quot;:&quot;#&quot;,&quot;pointer&quot;:&quot;/items/properties/id&quot;}&#10;    domain: &quot;syntax&quot;&#10;    ignored: [&quot;examples&quot;]&#10;warning: the following keywords are unknown and will be ignored: [examples]&#10;    level: &quot;warning&quot;&#10;    schema: {&quot;loadingURI&quot;:&quot;#&quot;,&quot;pointer&quot;:&quot;/items/properties/nome&quot;}&#10;    domain: &quot;syntax&quot;&#10;    ignored: [&quot;examples&quot;]&#10;warning: the following keywords are unknown and will be ignored: [examples]&#10;    level: &quot;warning&quot;&#10;    schema: {&quot;loadingURI&quot;:&quot;#&quot;,&quot;pointer&quot;:&quot;/items/properties/parcelas&quot;}&#10;    domain: &quot;syntax&quot;&#10;    ignored: [&quot;examples&quot;]&#10;warning: the following keywords are unknown and will be ignored: [examples]&#10;    level: &quot;warning&quot;&#10;    schema: {&quot;loadingURI&quot;:&quot;#&quot;,&quot;pointer&quot;:&quot;/items/properties/seguro&quot;}&#10;    domain: &quot;syntax&quot;&#10;    ignored: [&quot;examples&quot;]&#10;warning: the following keywords are unknown and will be ignored: [examples]&#10;    level: &quot;warning&quot;&#10;    schema: {&quot;loadingURI&quot;:&quot;#&quot;,&quot;pointer&quot;:&quot;/items/properties/valor&quot;}&#10;    domain: &quot;syntax&quot;&#10;    ignored: [&quot;examples&quot;]&#10;warning: the following keywords are unknown and will be ignored: [examples]&#10;    level: &quot;warning&quot;&#10;    schema: {&quot;loadingURI&quot;:&quot;#&quot;,&quot;pointer&quot;:&quot;/items&quot;}&#10;    domain: &quot;syntax&quot;&#10;    ignored: [&quot;examples&quot;]&#10;warning: the following keywords are unknown and will be ignored: [examples]&#10;    level: &quot;warning&quot;&#10;    schema: {&quot;loadingURI&quot;:&quot;#&quot;,&quot;pointer&quot;:&quot;/items/properties/cpf&quot;}&#10;    domain: &quot;syntax&quot;&#10;    ignored: [&quot;examples&quot;]&#10;warning: the following keywords are unknown and will be ignored: [examples]&#10;    level: &quot;warning&quot;&#10;    schema: {&quot;loadingURI&quot;:&quot;#&quot;,&quot;pointer&quot;:&quot;/items/properties/email&quot;}&#10;    domain: &quot;syntax&quot;&#10;    ignored: [&quot;examples&quot;]&#10;warning: the following keywords are unknown and will be ignored: [examples]&#10;    level: &quot;warning&quot;&#10;    schema: {&quot;loadingURI&quot;:&quot;#&quot;,&quot;pointer&quot;:&quot;/items/properties/id&quot;}&#10;    domain: &quot;syntax&quot;&#10;    ignored: [&quot;examples&quot;]&#10;warning: the following keywords are unknown and will be ignored: [examples]&#10;    level: &quot;warning&quot;&#10;    schema: {&quot;loadingURI&quot;:&quot;#&quot;,&quot;pointer&quot;:&quot;/items/properties/nome&quot;}&#10;    domain: &quot;syntax&quot;&#10;    ignored: [&quot;examples&quot;]&#10;warning: the following keywords are unknown and will be ignored: [examples]&#10;    level: &quot;warning&quot;&#10;    schema: {&quot;loadingURI&quot;:&quot;#&quot;,&quot;pointer&quot;:&quot;/items/properties/parcelas&quot;}&#10;    domain: &quot;syntax&quot;&#10;    ignored: [&quot;examples&quot;]&#10;warning: the following keywords are unknown and will be ignored: [examples]&#10;    level: &quot;warning&quot;&#10;    schema: {&quot;loadingURI&quot;:&quot;#&quot;,&quot;pointer&quot;:&quot;/items/properties/seguro&quot;}&#10;    domain: &quot;syntax&quot;&#10;    ignored: [&quot;examples&quot;]&#10;warning: the following keywords are unknown and will be ignored: [examples]&#10;    level: &quot;warning&quot;&#10;    schema: {&quot;loadingURI&quot;:&quot;#&quot;,&quot;pointer&quot;:&quot;/items/properties/valor&quot;}&#10;    domain: &quot;syntax&quot;&#10;    ignored: [&quot;examples&quot;]&#10;warning: the following keywords are unknown and will be ignored: [examples]&#10;    level: &quot;warning&quot;&#10;    schema: {&quot;loadingURI&quot;:&quot;#&quot;,&quot;pointer&quot;:&quot;/items&quot;}&#10;    domain: &quot;syntax&quot;&#10;    ignored: [&quot;examples&quot;]&#10;warning: the following keywords are unknown and will be ignored: [examples]&#10;    level: &quot;warning&quot;&#10;    schema: {&quot;loadingURI&quot;:&quot;#&quot;,&quot;pointer&quot;:&quot;/items/properties/cpf&quot;}&#10;    domain: &quot;syntax&quot;&#10;    ignored: [&quot;examples&quot;]&#10;warning: the following keywords are unknown and will be ignored: [examples]&#10;    level: &quot;warning&quot;&#10;    schema: {&quot;loadingURI&quot;:&quot;#&quot;,&quot;pointer&quot;:&quot;/items/properties/email&quot;}&#10;    domain: &quot;syntax&quot;&#10;    ignored: [&quot;examples&quot;]&#10;warning: the following keywords are unknown and will be ignored: [examples]&#10;    level: &quot;warning&quot;&#10;    schema: {&quot;loadingURI&quot;:&quot;#&quot;,&quot;pointer&quot;:&quot;/items/properties/id&quot;}&#10;    domain: &quot;syntax&quot;&#10;    ignored: [&quot;examples&quot;]&#10;warning: the following keywords are unknown and will be ignored: [examples]&#10;    level: &quot;warning&quot;&#10;    schema: {&quot;loadingURI&quot;:&quot;#&quot;,&quot;pointer&quot;:&quot;/items/properties/nome&quot;}&#10;    domain: &quot;syntax&quot;&#10;    ignored: [&quot;examples&quot;]&#10;warning: the following keywords are unknown and will be ignored: [examples]&#10;    level: &quot;warning&quot;&#10;    schema: {&quot;loadingURI&quot;:&quot;#&quot;,&quot;pointer&quot;:&quot;/items/properties/parcelas&quot;}&#10;    domain: &quot;syntax&quot;&#10;    ignored: [&quot;examples&quot;]&#10;warning: the following keywords are unknown and will be ignored: [examples]&#10;    level: &quot;warning&quot;&#10;    schema: {&quot;loadingURI&quot;:&quot;#&quot;,&quot;pointer&quot;:&quot;/items/properties/seguro&quot;}&#10;    domain: &quot;syntax&quot;&#10;    ignored: [&quot;examples&quot;]&#10;warning: the following keywords are unknown and will be ignored: [examples]&#10;    level: &quot;warning&quot;&#10;    schema: {&quot;loadingURI&quot;:&quot;#&quot;,&quot;pointer&quot;:&quot;/items/properties/valor&quot;}&#10;    domain: &quot;syntax&quot;&#10;    ignored: [&quot;examples&quot;]&#10;warning: the following keywords are unknown and will be ignored: [examples]&#10;    level: &quot;warning&quot;&#10;    schema: {&quot;loadingURI&quot;:&quot;#&quot;,&quot;pointer&quot;:&quot;/items&quot;}&#10;    domain: &quot;syntax&quot;&#10;    ignored: [&quot;examples&quot;]&#10;warning: the following keywords are unknown and will be ignored: [examples]&#10;    level: &quot;warning&quot;&#10;    schema: {&quot;loadingURI&quot;:&quot;#&quot;,&quot;pointer&quot;:&quot;/items/properties/cpf&quot;}&#10;    domain: &quot;syntax&quot;&#10;    ignored: [&quot;examples&quot;]&#10;warning: the following keywords are unknown and will be ignored: [examples]&#10;    level: &quot;warning&quot;&#10;    schema: {&quot;loadingURI&quot;:&quot;#&quot;,&quot;pointer&quot;:&quot;/items/properties/email&quot;}&#10;    domain: &quot;syntax&quot;&#10;    ignored: [&quot;examples&quot;]&#10;warning: the following keywords are unknown and will be ignored: [examples]&#10;    level: &quot;warning&quot;&#10;    schema: {&quot;loadingURI&quot;:&quot;#&quot;,&quot;pointer&quot;:&quot;/items/properties/id&quot;}&#10;    domain: &quot;syntax&quot;&#10;    ignored: [&quot;examples&quot;]&#10;warning: the following keywords are unknown and will be ignored: [examples]&#10;    level: &quot;warning&quot;&#10;    schema: {&quot;loadingURI&quot;:&quot;#&quot;,&quot;pointer&quot;:&quot;/items/properties/nome&quot;}&#10;    domain: &quot;syntax&quot;&#10;    ignored: [&quot;examples&quot;]&#10;warning: the following keywords are unknown and will be ignored: [examples]&#10;    level: &quot;warning&quot;&#10;    schema: {&quot;loadingURI&quot;:&quot;#&quot;,&quot;pointer&quot;:&quot;/items/properties/parcelas&quot;}&#10;    domain: &quot;syntax&quot;&#10;    ignored: [&quot;examples&quot;]&#10;warning: the following keywords are unknown and will be ignored: [examples]&#10;    level: &quot;warning&quot;&#10;    schema: {&quot;loadingURI&quot;:&quot;#&quot;,&quot;pointer&quot;:&quot;/items/properties/seguro&quot;}&#10;    domain: &quot;syntax&quot;&#10;    ignored: [&quot;examples&quot;]&#10;warning: the following keywords are unknown and will be ignored: [examples]&#10;    level: &quot;warning&quot;&#10;    schema: {&quot;loadingURI&quot;:&quot;#&quot;,&quot;pointer&quot;:&quot;/items/properties/valor&quot;}&#10;    domain: &quot;syntax&quot;&#10;    ignored: [&quot;examples&quot;]&#10;warning: the following keywords are unknown and will be ignored: [examples]&#10;    level: &quot;warning&quot;&#10;    schema: {&quot;loadingURI&quot;:&quot;#&quot;,&quot;pointer&quot;:&quot;/items&quot;}&#10;    domain: &quot;syntax&quot;&#10;    ignored: [&quot;examples&quot;]&#10;warning: the following keywords are unknown and will be ignored: [examples]&#10;    level: &quot;warning&quot;&#10;    schema: {&quot;loadingURI&quot;:&quot;#&quot;,&quot;pointer&quot;:&quot;/items/properties/cpf&quot;}&#10;    domain: &quot;syntax&quot;&#10;    ignored: [&quot;examples&quot;]&#10;warning: the following keywords are unknown and will be ignored: [examples]&#10;    level: &quot;warning&quot;&#10;    schema: {&quot;loadingURI&quot;:&quot;#&quot;,&quot;pointer&quot;:&quot;/items/properties/email&quot;}&#10;    domain: &quot;syntax&quot;&#10;    ignored: [&quot;examples&quot;]&#10;warning: the following keywords are unknown and will be ignored: [examples]&#10;    level: &quot;warning&quot;&#10;    schema: {&quot;loadingURI&quot;:&quot;#&quot;,&quot;pointer&quot;:&quot;/items/properties/id&quot;}&#10;    domain: &quot;syntax&quot;&#10;    ignored: [&quot;examples&quot;]&#10;warning: the following keywords are unknown and will be ignored: [examples]&#10;    level: &quot;warning&quot;&#10;    schema: {&quot;loadingURI&quot;:&quot;#&quot;,&quot;pointer&quot;:&quot;/items/properties/nome&quot;}&#10;    domain: &quot;syntax&quot;&#10;    ignored: [&quot;examples&quot;]&#10;warning: the following keywords are unknown and will be ignored: [examples]&#10;    level: &quot;warning&quot;&#10;    schema: {&quot;loadingURI&quot;:&quot;#&quot;,&quot;pointer&quot;:&quot;/items/properties/parcelas&quot;}&#10;    domain: &quot;syntax&quot;&#10;    ignored: [&quot;examples&quot;]&#10;warning: the following keywords are unknown and will be ignored: [examples]&#10;    level: &quot;warning&quot;&#10;    schema: {&quot;loadingURI&quot;:&quot;#&quot;,&quot;pointer&quot;:&quot;/items/properties/seguro&quot;}&#10;    domain: &quot;syntax&quot;&#10;    ignored: [&quot;examples&quot;]&#10;warning: the following keywords are unknown and will be ignored: [examples]&#10;    level: &quot;warning&quot;&#10;    schema: {&quot;loadingURI&quot;:&quot;#&quot;,&quot;pointer&quot;:&quot;/items/properties/valor&quot;}&#10;    domain: &quot;syntax&quot;&#10;    ignored: [&quot;examples&quot;]&#10;warning: the following keywords are unknown and will be ignored: [examples]&#10;    level: &quot;warning&quot;&#10;    schema: {&quot;loadingURI&quot;:&quot;#&quot;,&quot;pointer&quot;:&quot;/items&quot;}&#10;    domain: &quot;syntax&quot;&#10;    ignored: [&quot;examples&quot;]&#10;warning: the following keywords are unknown and will be ignored: [examples]&#10;    level: &quot;warning&quot;&#10;    schema: {&quot;loadingURI&quot;:&quot;#&quot;,&quot;pointer&quot;:&quot;/items/properties/cpf&quot;}&#10;    domain: &quot;syntax&quot;&#10;    ignored: [&quot;examples&quot;]&#10;warning: the following keywords are unknown and will be ignored: [examples]&#10;    level: &quot;warning&quot;&#10;    schema: {&quot;loadingURI&quot;:&quot;#&quot;,&quot;pointer&quot;:&quot;/items/properties/email&quot;}&#10;    domain: &quot;syntax&quot;&#10;    ignored: [&quot;examples&quot;]&#10;warning: the following keywords are unknown and will be ignored: [examples]&#10;    level: &quot;warning&quot;&#10;    schema: {&quot;loadingURI&quot;:&quot;#&quot;,&quot;pointer&quot;:&quot;/items/properties/id&quot;}&#10;    domain: &quot;syntax&quot;&#10;    ignored: [&quot;examples&quot;]&#10;warning: the following keywords are unknown and will be ignored: [examples]&#10;    level: &quot;warning&quot;&#10;    schema: {&quot;loadingURI&quot;:&quot;#&quot;,&quot;pointer&quot;:&quot;/items/properties/nome&quot;}&#10;    domain: &quot;syntax&quot;&#10;    ignored: [&quot;examples&quot;]&#10;warning: the following keywords are unknown and will be ignored: [examples]&#10;    level: &quot;warning&quot;&#10;    schema: {&quot;loadingURI&quot;:&quot;#&quot;,&quot;pointer&quot;:&quot;/items/properties/parcelas&quot;}&#10;    domain: &quot;syntax&quot;&#10;    ignored: [&quot;examples&quot;]&#10;warning: the following keywords are unknown and will be ignored: [examples]&#10;    level: &quot;warning&quot;&#10;    schema: {&quot;loadingURI&quot;:&quot;#&quot;,&quot;pointer&quot;:&quot;/items/properties/seguro&quot;}&#10;    domain: &quot;syntax&quot;&#10;    ignored: [&quot;examples&quot;]&#10;warning: the following keywords are unknown and will be ignored: [examples]&#10;    level: &quot;warning&quot;&#10;    schema: {&quot;loadingURI&quot;:&quot;#&quot;,&quot;pointer&quot;:&quot;/items/properties/valor&quot;}&#10;    domain: &quot;syntax&quot;&#10;    ignored: [&quot;examples&quot;]&#10;warning: the following keywords are unknown and will be ignored: [examples]&#10;    level: &quot;warning&quot;&#10;    schema: {&quot;loadingURI&quot;:&quot;#&quot;,&quot;pointer&quot;:&quot;/items&quot;}&#10;    domain: &quot;syntax&quot;&#10;    ignored: [&quot;examples&quot;]&#10;warning: the following keywords are unknown and will be ignored: [examples]&#10;    level: &quot;warning&quot;&#10;    schema: {&quot;loadingURI&quot;:&quot;#&quot;,&quot;pointer&quot;:&quot;/items/properties/cpf&quot;}&#10;    domain: &quot;syntax&quot;&#10;    ignored: [&quot;examples&quot;]&#10;warning: the following keywords are unknown and will be ignored: [examples]&#10;    level: &quot;warning&quot;&#10;    schema: {&quot;loadingURI&quot;:&quot;#&quot;,&quot;pointer&quot;:&quot;/items/properties/email&quot;}&#10;    domain: &quot;syntax&quot;&#10;    ignored: [&quot;examples&quot;]&#10;warning: the following keywords are unknown and will be ignored: [examples]&#10;    level: &quot;warning&quot;&#10;    schema: {&quot;loadingURI&quot;:&quot;#&quot;,&quot;pointer&quot;:&quot;/items/properties/id&quot;}&#10;    domain: &quot;syntax&quot;&#10;    ignored: [&quot;examples&quot;]&#10;warning: the following keywords are unknown and will be ignored: [examples]&#10;    level: &quot;warning&quot;&#10;    schema: {&quot;loadingURI&quot;:&quot;#&quot;,&quot;pointer&quot;:&quot;/items/properties/nome&quot;}&#10;    domain: &quot;syntax&quot;&#10;    ignored: [&quot;examples&quot;]&#10;warning: the following keywords are unknown and will be ignored: [examples]&#10;    level: &quot;warning&quot;&#10;    schema: {&quot;loadingURI&quot;:&quot;#&quot;,&quot;pointer&quot;:&quot;/items/properties/parcelas&quot;}&#10;    domain: &quot;syntax&quot;&#10;    ignored: [&quot;examples&quot;]&#10;warning: the following keywords are unknown and will be ignored: [examples]&#10;    level: &quot;warning&quot;&#10;    schema: {&quot;loadingURI&quot;:&quot;#&quot;,&quot;pointer&quot;:&quot;/items/properties/seguro&quot;}&#10;    domain: &quot;syntax&quot;&#10;    ignored: [&quot;examples&quot;]&#10;warning: the following keywords are unknown and will be ignored: [examples]&#10;    level: &quot;warning&quot;&#10;    schema: {&quot;loadingURI&quot;:&quot;#&quot;,&quot;pointer&quot;:&quot;/items/properties/valor&quot;}&#10;    domain: &quot;syntax&quot;&#10;    ignored: [&quot;examples&quot;]&#10;warning: the following keywords are unknown and will be ignored: [examples]&#10;    level: &quot;warning&quot;&#10;    schema: {&quot;loadingURI&quot;:&quot;#&quot;,&quot;pointer&quot;:&quot;/items&quot;}&#10;    domain: &quot;syntax&quot;&#10;    ignored: [&quot;examples&quot;]&#10;warning: the following keywords are unknown and will be ignored: [examples]&#10;    level: &quot;warning&quot;&#10;    schema: {&quot;loadingURI&quot;:&quot;#&quot;,&quot;pointer&quot;:&quot;/items/properties/cpf&quot;}&#10;    domain: &quot;syntax&quot;&#10;    ignored: [&quot;examples&quot;]&#10;warning: the following keywords are unknown and will be ignored: [examples]&#10;    level: &quot;warning&quot;&#10;    schema: {&quot;loadingURI&quot;:&quot;#&quot;,&quot;pointer&quot;:&quot;/items/properties/email&quot;}&#10;    domain: &quot;syntax&quot;&#10;    ignored: [&quot;examples&quot;]&#10;warning: the following keywords are unknown and will be ignored: [examples]&#10;    level: &quot;warning&quot;&#10;    schema: {&quot;loadingURI&quot;:&quot;#&quot;,&quot;pointer&quot;:&quot;/items/properties/id&quot;}&#10;    domain: &quot;syntax&quot;&#10;    ignored: [&quot;examples&quot;]&#10;warning: the following keywords are unknown and will be ignored: [examples]&#10;    level: &quot;warning&quot;&#10;    schema: {&quot;loadingURI&quot;:&quot;#&quot;,&quot;pointer&quot;:&quot;/items/properties/nome&quot;}&#10;    domain: &quot;syntax&quot;&#10;    ignored: [&quot;examples&quot;]&#10;warning: the following keywords are unknown and will be ignored: [examples]&#10;    level: &quot;warning&quot;&#10;    schema: {&quot;loadingURI&quot;:&quot;#&quot;,&quot;pointer&quot;:&quot;/items/properties/parcelas&quot;}&#10;    domain: &quot;syntax&quot;&#10;    ignored: [&quot;examples&quot;]&#10;warning: the following keywords are unknown and will be ignored: [examples]&#10;    level: &quot;warning&quot;&#10;    schema: {&quot;loadingURI&quot;:&quot;#&quot;,&quot;pointer&quot;:&quot;/items/properties/seguro&quot;}&#10;    domain: &quot;syntax&quot;&#10;    ignored: [&quot;examples&quot;]&#10;warning: the following keywords are unknown and will be ignored: [examples]&#10;    level: &quot;warning&quot;&#10;    schema: {&quot;loadingURI&quot;:&quot;#&quot;,&quot;pointer&quot;:&quot;/items/properties/valor&quot;}&#10;    domain: &quot;syntax&quot;&#10;    ignored: [&quot;examples&quot;]&#10;warning: the following keywords are unknown and will be ignored: [examples]&#10;    level: &quot;warning&quot;&#10;    schema: {&quot;loadingURI&quot;:&quot;#&quot;,&quot;pointer&quot;:&quot;/items&quot;}&#10;    domain: &quot;syntax&quot;&#10;    ignored: [&quot;examples&quot;]&#10;warning: the following keywords are unknown and will be ignored: [examples]&#10;    level: &quot;warning&quot;&#10;    schema: {&quot;loadingURI&quot;:&quot;#&quot;,&quot;pointer&quot;:&quot;/items/properties/cpf&quot;}&#10;    domain: &quot;syntax&quot;&#10;    ignored: [&quot;examples&quot;]&#10;warning: the following keywords are unknown and will be ignored: [examples]&#10;    level: &quot;warning&quot;&#10;    schema: {&quot;loadingURI&quot;:&quot;#&quot;,&quot;pointer&quot;:&quot;/items/properties/email&quot;}&#10;    domain: &quot;syntax&quot;&#10;    ignored: [&quot;examples&quot;]&#10;warning: the following keywords are unknown and will be ignored: [examples]&#10;    level: &quot;warning&quot;&#10;    schema: {&quot;loadingURI&quot;:&quot;#&quot;,&quot;pointer&quot;:&quot;/items/properties/id&quot;}&#10;    domain: &quot;syntax&quot;&#10;    ignored: [&quot;examples&quot;]&#10;warning: the following keywords are unknown and will be ignored: [examples]&#10;    level: &quot;warning&quot;&#10;    schema: {&quot;loadingURI&quot;:&quot;#&quot;,&quot;pointer&quot;:&quot;/items/properties/nome&quot;}&#10;    domain: &quot;syntax&quot;&#10;    ignored: [&quot;examples&quot;]&#10;warning: the following keywords are unknown and will be ignored: [examples]&#10;    level: &quot;warning&quot;&#10;    schema: {&quot;loadingURI&quot;:&quot;#&quot;,&quot;pointer&quot;:&quot;/items/properties/parcelas&quot;}&#10;    domain: &quot;syntax&quot;&#10;    ignored: [&quot;examples&quot;]&#10;warning: the following keywords are unknown and will be ignored: [examples]&#10;    level: &quot;warning&quot;&#10;    schema: {&quot;loadingURI&quot;:&quot;#&quot;,&quot;pointer&quot;:&quot;/items/properties/seguro&quot;}&#10;    domain: &quot;syntax&quot;&#10;    ignored: [&quot;examples&quot;]&#10;warning: the following keywords are unknown and will be ignored: [examples]&#10;    level: &quot;warning&quot;&#10;    schema: {&quot;loadingURI&quot;:&quot;#&quot;,&quot;pointer&quot;:&quot;/items/properties/valor&quot;}&#10;    domain: &quot;syntax&quot;&#10;    ignored: [&quot;examples&quot;]&#10;warning: the following keywords are unknown and will be ignored: [examples]&#10;    level: &quot;warning&quot;&#10;    schema: {&quot;loadingURI&quot;:&quot;#&quot;,&quot;pointer&quot;:&quot;/items&quot;}&#10;    domain: &quot;syntax&quot;&#10;    ignored: [&quot;examples&quot;]&#10;warning: the following keywords are unknown and will be ignored: [examples]&#10;    level: &quot;warning&quot;&#10;    schema: {&quot;loadingURI&quot;:&quot;#&quot;,&quot;pointer&quot;:&quot;/items/properties/cpf&quot;}&#10;    domain: &quot;syntax&quot;&#10;    ignored: [&quot;examples&quot;]&#10;warning: the following keywords are unknown and will be ignored: [examples]&#10;    level: &quot;warning&quot;&#10;    schema: {&quot;loadingURI&quot;:&quot;#&quot;,&quot;pointer&quot;:&quot;/items/properties/email&quot;}&#10;    domain: &quot;syntax&quot;&#10;    ignored: [&quot;examples&quot;]&#10;warning: the following keywords are unknown and will be ignored: [examples]&#10;    level: &quot;warning&quot;&#10;    schema: {&quot;loadingURI&quot;:&quot;#&quot;,&quot;pointer&quot;:&quot;/items/properties/id&quot;}&#10;    domain: &quot;syntax&quot;&#10;    ignored: [&quot;examples&quot;]&#10;warning: the following keywords are unknown and will be ignored: [examples]&#10;    level: &quot;warning&quot;&#10;    schema: {&quot;loadingURI&quot;:&quot;#&quot;,&quot;pointer&quot;:&quot;/items/properties/nome&quot;}&#10;    domain: &quot;syntax&quot;&#10;    ignored: [&quot;examples&quot;]&#10;warning: the following keywords are unknown and will be ignored: [examples]&#10;    level: &quot;warning&quot;&#10;    schema: {&quot;loadingURI&quot;:&quot;#&quot;,&quot;pointer&quot;:&quot;/items/properties/parcelas&quot;}&#10;    domain: &quot;syntax&quot;&#10;    ignored: [&quot;examples&quot;]&#10;warning: the following keywords are unknown and will be ignored: [examples]&#10;    level: &quot;warning&quot;&#10;    schema: {&quot;loadingURI&quot;:&quot;#&quot;,&quot;pointer&quot;:&quot;/items/properties/seguro&quot;}&#10;    domain: &quot;syntax&quot;&#10;    ignored: [&quot;examples&quot;]&#10;warning: the following keywords are unknown and will be ignored: [examples]&#10;    level: &quot;warning&quot;&#10;    schema: {&quot;loadingURI&quot;:&quot;#&quot;,&quot;pointer&quot;:&quot;/items/properties/valor&quot;}&#10;    domain: &quot;syntax&quot;&#10;    ignored: [&quot;examples&quot;]&#10;warning: the following keywords are unknown and will be ignored: [examples]&#10;    level: &quot;warning&quot;&#10;    schema: {&quot;loadingURI&quot;:&quot;#&quot;,&quot;pointer&quot;:&quot;/items&quot;}&#10;    domain: &quot;syntax&quot;&#10;    ignored: [&quot;examples&quot;]&#10;warning: the following keywords are unknown and will be ignored: [examples]&#10;    level: &quot;warning&quot;&#10;    schema: {&quot;loadingURI&quot;:&quot;#&quot;,&quot;pointer&quot;:&quot;/items/properties/cpf&quot;}&#10;    domain: &quot;syntax&quot;&#10;    ignored: [&quot;examples&quot;]&#10;warning: the following keywords are unknown and will be ignored: [examples]&#10;    level: &quot;warning&quot;&#10;    schema: {&quot;loadingURI&quot;:&quot;#&quot;,&quot;pointer&quot;:&quot;/items/properties/email&quot;}&#10;    domain: &quot;syntax&quot;&#10;    ignored: [&quot;examples&quot;]&#10;warning: the following keywords are unknown and will be ignored: [examples]&#10;    level: &quot;warning&quot;&#10;    schema: {&quot;loadingURI&quot;:&quot;#&quot;,&quot;pointer&quot;:&quot;/items/properties/id&quot;}&#10;    domain: &quot;syntax&quot;&#10;    ignored: [&quot;examples&quot;]&#10;warning: the following keywords are unknown and will be ignored: [examples]&#10;    level: &quot;warning&quot;&#10;    schema: {&quot;loadingURI&quot;:&quot;#&quot;,&quot;pointer&quot;:&quot;/items/properties/nome&quot;}&#10;    domain: &quot;syntax&quot;&#10;    ignored: [&quot;examples&quot;]&#10;warning: the following keywords are unknown and will be ignored: [examples]&#10;    level: &quot;warning&quot;&#10;    schema: {&quot;loadingURI&quot;:&quot;#&quot;,&quot;pointer&quot;:&quot;/items/properties/parcelas&quot;}&#10;    domain: &quot;syntax&quot;&#10;    ignored: [&quot;examples&quot;]&#10;warning: the following keywords are unknown and will be ignored: [examples]&#10;    level: &quot;warning&quot;&#10;    schema: {&quot;loadingURI&quot;:&quot;#&quot;,&quot;pointer&quot;:&quot;/items/properties/seguro&quot;}&#10;    domain: &quot;syntax&quot;&#10;    ignored: [&quot;examples&quot;]&#10;warning: the following keywords are unknown and will be ignored: [examples]&#10;    level: &quot;warning&quot;&#10;    schema: {&quot;loadingURI&quot;:&quot;#&quot;,&quot;pointer&quot;:&quot;/items/properties/valor&quot;}&#10;    domain: &quot;syntax&quot;&#10;    ignored: [&quot;examples&quot;]&#10;warning: the following keywords are unknown and will be ignored: [examples]&#10;    level: &quot;warning&quot;&#10;    schema: {&quot;loadingURI&quot;:&quot;#&quot;,&quot;pointer&quot;:&quot;/items&quot;}&#10;    domain: &quot;syntax&quot;&#10;    ignored: [&quot;examples&quot;]&#10;warning: the following keywords are unknown and will be ignored: [examples]&#10;    level: &quot;warning&quot;&#10;    schema: {&quot;loadingURI&quot;:&quot;#&quot;,&quot;pointer&quot;:&quot;/items/properties/cpf&quot;}&#10;    domain: &quot;syntax&quot;&#10;    ignored: [&quot;examples&quot;]&#10;warning: the following keywords are unknown and will be ignored: [examples]&#10;    level: &quot;warning&quot;&#10;    schema: {&quot;loadingURI&quot;:&quot;#&quot;,&quot;pointer&quot;:&quot;/items/properties/email&quot;}&#10;    domain: &quot;syntax&quot;&#10;    ignored: [&quot;examples&quot;]&#10;warning: the following keywords are unknown and will be ignored: [examples]&#10;    level: &quot;warning&quot;&#10;    schema: {&quot;loadingURI&quot;:&quot;#&quot;,&quot;pointer&quot;:&quot;/items/properties/id&quot;}&#10;    domain: &quot;syntax&quot;&#10;    ignored: [&quot;examples&quot;]&#10;warning: the following keywords are unknown and will be ignored: [examples]&#10;    level: &quot;warning&quot;&#10;    schema: {&quot;loadingURI&quot;:&quot;#&quot;,&quot;pointer&quot;:&quot;/items/properties/nome&quot;}&#10;    domain: &quot;syntax&quot;&#10;    ignored: [&quot;examples&quot;]&#10;warning: the following keywords are unknown and will be ignored: [examples]&#10;    level: &quot;warning&quot;&#10;    schema: {&quot;loadingURI&quot;:&quot;#&quot;,&quot;pointer&quot;:&quot;/items/properties/parcelas&quot;}&#10;    domain: &quot;syntax&quot;&#10;    ignored: [&quot;examples&quot;]&#10;warning: the following keywords are unknown and will be ignored: [examples]&#10;    level: &quot;warning&quot;&#10;    schema: {&quot;loadingURI&quot;:&quot;#&quot;,&quot;pointer&quot;:&quot;/items/properties/seguro&quot;}&#10;    domain: &quot;syntax&quot;&#10;    ignored: [&quot;examples&quot;]&#10;warning: the following keywords are unknown and will be ignored: [examples]&#10;    level: &quot;warning&quot;&#10;    schema: {&quot;loadingURI&quot;:&quot;#&quot;,&quot;pointer&quot;:&quot;/items/properties/valor&quot;}&#10;    domain: &quot;syntax&quot;&#10;    ignored: [&quot;examples&quot;]&#10;warning: the following keywords are unknown and will be ignored: [examples]&#10;    level: &quot;warning&quot;&#10;    schema: {&quot;loadingURI&quot;:&quot;#&quot;,&quot;pointer&quot;:&quot;/items&quot;}&#10;    domain: &quot;syntax&quot;&#10;    ignored: [&quot;examples&quot;]&#10;warning: the following keywords are unknown and will be ignored: [examples]&#10;    level: &quot;warning&quot;&#10;    schema: {&quot;loadingURI&quot;:&quot;#&quot;,&quot;pointer&quot;:&quot;/items/properties/cpf&quot;}&#10;    domain: &quot;syntax&quot;&#10;    ignored: [&quot;examples&quot;]&#10;warning: the following keywords are unknown and will be ignored: [examples]&#10;    level: &quot;warning&quot;&#10;    schema: {&quot;loadingURI&quot;:&quot;#&quot;,&quot;pointer&quot;:&quot;/items/properties/email&quot;}&#10;    domain: &quot;syntax&quot;&#10;    ignored: [&quot;examples&quot;]&#10;warning: the following keywords are unknown and will be ignored: [examples]&#10;    level: &quot;warning&quot;&#10;    schema: {&quot;loadingURI&quot;:&quot;#&quot;,&quot;pointer&quot;:&quot;/items/properties/id&quot;}&#10;    domain: &quot;syntax&quot;&#10;    ignored: [&quot;examples&quot;]&#10;warning: the following keywords are unknown and will be ignored: [examples]&#10;    level: &quot;warning&quot;&#10;    schema: {&quot;loadingURI&quot;:&quot;#&quot;,&quot;pointer&quot;:&quot;/items/properties/nome&quot;}&#10;    domain: &quot;syntax&quot;&#10;    ignored: [&quot;examples&quot;]&#10;warning: the following keywords are unknown and will be ignored: [examples]&#10;    level: &quot;warning&quot;&#10;    
[...]
uro\":true},{\"id\":93,\"nome\":\"Theo\",\"cpf\":\"3202224050\",\"email\":\"yuri.figueira@hotmail.com\",\"valor\":10000.00,\"parcelas\":31,\"seguro\":true},{\"id\":95,\"nome\":\"Gúbio\",\"cpf\":\"8350353845\",\"email\":\"elisa.vasques@bol.com.br\",\"valor\":40000.00,\"parcelas\":32,\"seguro\":true},{\"id\":97,\"nome\":\"Ryan\",\"cpf\":\"6880563553\",\"email\":\"fernando.martins@hotmail.com\",\"valor\":2469.00,\"parcelas\":37,\"seguro\":true},{\"id\":108,\"nome\":\"Meire\",\"cpf\":\"8303150614\",\"email\":\"daniel.custodio@live.com\",\"valor\":2257.00,\"parcelas\":34,\"seguro\":true},{\"id\":109,\"nome\":\"Heloísa\",\"cpf\":\"0186137315\",\"email\":\"caua.fontes@yahoo.com\",\"valor\":2575.00,\"parcelas\":36,\"seguro\":true},{\"id\":111,\"nome\":\"Arthur Miguel\",\"cpf\":\"5075522622\",\"email\":\"raul.caseira@gmail.com\",\"valor\":2608.00,\"parcelas\":49,\"seguro\":true},{\"id\":112,\"nome\":\"Pedro\",\"cpf\":\"6063221407\",\"email\":\"dalila.dantas@gmail.com\",\"valor\":2765.00,\"parcelas\":39,\"seguro\":true},{\"id\":113,\"nome\":\"Enzo Gabriel\",\"cpf\":\"0588520346\",\"email\":\"otavio.assumpcao@gmail.com\",\"valor\":2727.00,\"parcelas\":2,\"seguro\":true},{\"id\":115,\"nome\":\"Arthur\",\"cpf\":\"4485278877\",\"email\":\"antonio.sanches@live.com\",\"valor\":999.00,\"parcelas\":33,\"seguro\":true},{\"id\":116,\"nome\":\"José\",\"cpf\":\"5028436680\",\"email\":\"victor.meireles@live.com\",\"valor\":2288.00,\"parcelas\":48,\"seguro\":true},{\"id\":118,\"nome\":\"Fernanda\",\"cpf\":\"8805225465\",\"email\":\"aline.dafonseca@gmail.com\",\"valor\":10000.00,\"parcelas\":35,\"seguro\":true},{\"id\":120,\"nome\":\"Samuel\",\"cpf\":\"2458765574\",\"email\":\"oliver.sais@hotmail.com\",\"valor\":40000.00,\"parcelas\":32,\"seguro\":true},{\"id\":122,\"nome\":\"Gabrielly\",\"cpf\":\"3863746231\",\"email\":\"mathias.almada@bol.com.br\",\"valor\":2405.00,\"parcelas\":36,\"seguro\":true},{\"id\":123,\"nome\":\"Valentina\",\"cpf\":\"0137505063\",\"email\":\"yuri.rolim@bol.com.br\",\"valor\":2818.00,\"parcelas\":33,\"seguro\":true},{\"id\":124,\"nome\":\"Hélio\",\"cpf\":\"4503004783\",\"email\":\"raul.delins@bol.com.br\",\"valor\":2175.00,\"parcelas\":36,\"seguro\":true},{\"id\":125,\"nome\":\"Thiago\",\"cpf\":\"0644377374\",\"email\":\"mariaclara.rezende@gmail.com\",\"valor\":2024.00,\"parcelas\":32,\"seguro\":true},{\"id\":126,\"nome\":\"Alessandro\",\"cpf\":\"0202350818\",\"email\":\"victor.corte@yahoo.com\",\"valor\":2108.00,\"parcelas\":37,\"seguro\":true},{\"id\":127,\"nome\":\"Margarida\",\"cpf\":\"7802463554\",\"email\":\"mariaflor.paiva@bol.com.br\",\"valor\":2392.00,\"parcelas\":49,\"seguro\":true},{\"id\":128,\"nome\":\"Arthur Henrique\",\"cpf\":\"0116811720\",\"email\":\"tertuliano.bulhoes@gmail.com\",\"valor\":2606.00,\"parcelas\":2,\"seguro\":true},{\"id\":129,\"nome\":\"João Samuel\",\"cpf\":\"1604037562\",\"email\":\"margarida.velasques@hotmail.com\",\"valor\":2240.00,\"parcelas\":49,\"seguro\":true},{\"id\":130,\"nome\":\"Ofélia\",\"cpf\":\"1571648013\",\"email\":\"lorraine.ferraco@yahoo.com\",\"valor\":2905.00,\"parcelas\":2,\"seguro\":true},{\"id\":131,\"nome\":\"Eloah\",\"cpf\":\"0013041541\",\"email\":\"mariasophia.lobos@gmail.com\",\"valor\":2798.00,\"parcelas\":32,\"seguro\":true},{\"id\":132,\"nome\":\"Oliver\",\"cpf\":\"2324243170\",\"email\":\"mariaflor.longuinho@hotmail.com\",\"valor\":2021.00,\"parcelas\":33,\"seguro\":true},{\"id\":133,\"nome\":\"Rafael\",\"cpf\":\"7183576720\",\"email\":\"eduarda.cachoeira@hotmail.com\",\"valor\":2130.00,\"parcelas\":30,\"seguro\":true},{\"id\":134,\"nome\":\"Ana Cecília\",\"cpf\":\"5444744411\",\"email\":\"levi.bernardes@live.com\",\"valor\":2883.00,\"parcelas\":32,\"seguro\":true},{\"id\":135,\"nome\":\"Kléber\",\"cpf\":\"8867688427\",\"email\":\"mariaclara.diegues@hotmail.com\",\"valor\":2307.00,\"parcelas\":34,\"seguro\":true},{\"id\":136,\"nome\":\"Igor\",\"cpf\":\"0413042106\",\"email\":\"allana.braga@hotmail.com\",\"valor\":2287.00,\"parcelas\":38,\"seguro\":true},{\"id\":137,\"nome\":\"Antonella\",\"cpf\":\"2055525820\",\"email\":\"hugo.deborba@bol.com.br\",\"valor\":2509.00,\"parcelas\":49,\"seguro\":true},{\"id\":138,\"nome\":\"Camila\",\"cpf\":\"2324227575\",\"email\":\"pedromiguel.alves@bol.com.br\",\"valor\":2442.00,\"parcelas\":2,\"seguro\":true},{\"id\":139,\"nome\":\"Isabela\",\"cpf\":\"6035726687\",\"email\":\"mariavitoria.quarteira@bol.com.br\",\"valor\":2328.00,\"parcelas\":33,\"seguro\":true},{\"id\":140,\"nome\":\"Caio\",\"cpf\":\"7357817263\",\"email\":\"lorraine.batista@yahoo.com\",\"valor\":2488.00,\"parcelas\":49,\"seguro\":true},{\"id\":141,\"nome\":\"Igor\",\"cpf\":\"0508123864\",\"email\":\"vinicius.guedes@yahoo.com\",\"valor\":2528.00,\"parcelas\":31,\"seguro\":true},{\"id\":142,\"nome\":\"Olívia\",\"cpf\":\"3422043725\",\"email\":\"mariana.castanho@gmail.com\",\"valor\":2374.00,\"parcelas\":34,\"seguro\":true},{\"id\":143,\"nome\":\"Clarice\",\"cpf\":\"7356805614\",\"email\":\"carolina.dorneles@live.com\",\"valor\":2486.00,\"parcelas\":31,\"seguro\":true},{\"id\":144,\"nome\":\"Yasmin\",\"cpf\":\"2842468503\",\"email\":\"pedrohenrique.almeida@yahoo.com\",\"valor\":2598.00,\"parcelas\":37,\"seguro\":true},{\"id\":145,\"nome\":\"Yango\",\"cpf\":\"0325642250\",\"email\":\"davilucas.galego@live.com\",\"valor\":2864.00,\"parcelas\":34,\"seguro\":true},{\"id\":146,\"nome\":\"Ana Beatriz\",\"cpf\":\"5653553870\",\"email\":\"lavinia.bonfim@yahoo.com\",\"valor\":2736.00,\"parcelas\":35,\"seguro\":true},{\"id\":147,\"nome\":\"Oliver\",\"cpf\":\"3680375381\",\"email\":\"gubio.cardoso@gmail.com\",\"valor\":2340.00,\"parcelas\":30,\"seguro\":true},{\"id\":148,\"nome\":\"Catarina\",\"cpf\":\"6534056514\",\"email\":\"maya.carvalho@yahoo.com\",\"valor\":2084.00,\"parcelas\":49,\"seguro\":true},{\"id\":149,\"nome\":\"Ana Beatriz\",\"cpf\":\"7566632710\",\"email\":\"elisa.carneiro@hotmail.com\",\"valor\":2012.00,\"parcelas\":32,\"seguro\":true},{\"id\":150,\"nome\":\"Pedro Tobias\",\"cpf\":\"4662421812\",\"email\":\"larissa.solimoes@bol.com.br\",\"valor\":2271.00,\"parcelas\":49,\"seguro\":true},{\"id\":151,\"nome\":\"Henry\",\"cpf\":\"3150240652\",\"email\":\"pablo.castro@live.com\",\"valor\":2870.00,\"parcelas\":30,\"seguro\":true},{\"id\":152,\"nome\":\"Isabella\",\"cpf\":\"0072233230\",\"email\":\"washington.menendes@bol.com.br\",\"valor\":2524.00,\"parcelas\":49,\"seguro\":true},{\"id\":153,\"nome\":\"Kaique\",\"cpf\":\"6110311367\",\"email\":\"paula.barreto@hotmail.com\",\"valor\":2103.00,\"parcelas\":30,\"seguro\":true},{\"id\":154,\"nome\":\"Heitor\",\"cpf\":\"7464607307\",\"email\":\"eduardo.lopes@hotmail.com\",\"valor\":2069.00,\"parcelas\":49,\"seguro\":true},{\"id\":155,\"nome\":\"Ígor\",\"cpf\":\"1725674112\",\"email\":\"enzogabriel.bentes@live.com\",\"valor\":2196.00,\"parcelas\":34,\"seguro\":true},{\"id\":156,\"nome\":\"Louise\",\"cpf\":\"7025774356\",\"email\":\"sara.chaves@yahoo.com\",\"valor\":2905.00,\"parcelas\":49,\"seguro\":true},{\"id\":157,\"nome\":\"Isis\",\"cpf\":\"2780774073\",\"email\":\"allana.diegues@live.com\",\"valor\":2393.00,\"parcelas\":36,\"seguro\":true},{\"id\":158,\"nome\":\"Yango\",\"cpf\":\"2376230668\",\"email\":\"theo.damota@bol.com.br\",\"valor\":2247.00,\"parcelas\":33,\"seguro\":true},{\"id\":159,\"nome\":\"João\",\"cpf\":\"7732481170\",\"email\":\"pietro.damata@yahoo.com\",\"valor\":2341.00,\"parcelas\":49,\"seguro\":true},{\"id\":160,\"nome\":\"Isabela\",\"cpf\":\"6335741816\",\"email\":\"mariaalice.siqueira@bol.com.br\",\"valor\":2179.00,\"parcelas\":33,\"seguro\":true},{\"id\":161,\"nome\":\"Juliana\",\"cpf\":\"2874525536\",\"email\":\"maria.leiria@live.com\",\"valor\":2133.00,\"parcelas\":49,\"seguro\":true},{\"id\":162,\"nome\":\"Nicolas\",\"cpf\":\"3313241535\",\"email\":\"daniel.marins@bol.com.br\",\"valor\":2557.00,\"parcelas\":32,\"seguro\":true},{\"id\":163,\"nome\":\"Paula\",\"cpf\":\"5267674650\",\"email\":\"enzomiguel.sais@bol.com.br\",\"valor\":2310.00,\"parcelas\":30,\"seguro\":true},{\"id\":164,\"nome\":\"Erick\",\"cpf\":\"3446455862\",\"email\":\"marcelo.castanho@yahoo.com\",\"valor\":2510.00,\"parcelas\":2,\"seguro\":true},{\"id\":165,\"nome\":\"Giovanna\",\"cpf\":\"2023627806\",\"email\":\"camila.madeira@yahoo.com\",\"valor\":2189.00,\"parcelas\":39,\"seguro\":true},{\"id\":166,\"nome\":\"Davi Lucca\",\"cpf\":\"5046711433\",\"email\":\"isabelly.munhoz@bol.com.br\",\"valor\":2551.00,\"parcelas\":32,\"seguro\":true},{\"id\":167,\"nome\":\"Nathan\",\"cpf\":\"1343274662\",\"email\":\"luizmiguel.longuinho@gmail.com\",\"valor\":2664.00,\"parcelas\":30,\"seguro\":true},{\"id\":168,\"nome\":\"Tiago\",\"cpf\":\"3430823025\",\"email\":\"alice.macedo@gmail.com\",\"valor\":2732.00,\"parcelas\":35,\"seguro\":true},{\"id\":169,\"nome\":\"Vitória\",\"cpf\":\"0055024438\",\"email\":\"valentina.bentes@gmail.com\",\"valor\":2120.00,\"parcelas\":38,\"seguro\":true},{\"id\":170,\"nome\":\"Alice\",\"cpf\":\"5402104206\",\"email\":\"roberta.cruz@bol.com.br\",\"valor\":2527.00,\"parcelas\":48,\"seguro\":true},{\"id\":171,\"nome\":\"Isabelly\",\"cpf\":\"1308706254\",\"email\":\"enzomiguel.deborba@hotmail.com\",\"valor\":2015.00,\"parcelas\":34,\"seguro\":true},{\"id\":172,\"nome\":\"João Lucas\",\"cpf\":\"7881034104\",\"email\":\"carolina.diegues@bol.com.br\",\"valor\":2962.00,\"parcelas\":34,\"seguro\":true},{\"id\":173,\"nome\":\"Antônio\",\"cpf\":\"2058266748\",\"email\":\"fabricio.matoso@gmail.com\",\"valor\":2610.00,\"parcelas\":30,\"seguro\":true},{\"id\":174,\"nome\":\"Sara\",\"cpf\":\"1804173087\",\"email\":\"murilo.domingues@gmail.com\",\"valor\":2469.00,\"parcelas\":39,\"seguro\":true},{\"id\":175,\"nome\":\"Kléber\",\"cpf\":\"4022150123\",\"email\":\"rafael.barbosa@live.com\",\"valor\":2101.00,\"parcelas\":36,\"seguro\":true},{\"id\":176,\"nome\":\"Suélen\",\"cpf\":\"0563372733\",\"email\":\"bryan.pires@bol.com.br\",\"valor\":2594.00,\"parcelas\":39,\"seguro\":true},{\"id\":177,\"nome\":\"Francisca\",\"cpf\":\"5360287483\",\"email\":\"aline.antena@yahoo.com\",\"valor\":2444.00,\"parcelas\":30,\"seguro\":true},{\"id\":178,\"nome\":\"Catarina\",\"cpf\":\"5884885305\",\"email\":\"mariahelena.carneiro@bol.com.br\",\"valor\":2765.00,\"parcelas\":37,\"seguro\":true},{\"id\":179,\"nome\":\"Murilo\",\"cpf\":\"6175681747\",\"email\":\"eduarda.danobrega@yahoo.com\",\"valor\":2207.00,\"parcelas\":35,\"seguro\":true},{\"id\":180,\"nome\":\"Júlia\",\"cpf\":\"0118736334\",\"email\":\"livia.meira@live.com\",\"valor\":2676.00,\"parcelas\":35,\"seguro\":true},{\"id\":181,\"nome\":\"João Pedro\",\"cpf\":\"0145744070\",\"email\":\"luna.deborba@bol.com.br\",\"valor\":2539.00,\"parcelas\":32,\"seguro\":true},{\"id\":182,\"nome\":\"Roberto\",\"cpf\":\"7868117844\",\"email\":\"gubio.fernandes@yahoo.com\",\"valor\":2110.00,\"parcelas\":36,\"seguro\":true},{\"id\":183,\"nome\":\"Ana Sophia\",\"cpf\":\"2062524731\",\"email\":\"mariasophia.campos@gmail.com\",\"valor\":2297.00,\"parcelas\":33,\"seguro\":true},{\"id\":184,\"nome\":\"Rafaela\",\"cpf\":\"653.455.785-60\",\"email\":\"analivia.monteira@bol.com.br\",\"valor\":2276.00,\"parcelas\":39,\"seguro\":true},{\"id\":185,\"nome\":\"André\",\"cpf\":\"4013075455\",\"email\":\"pedro.coutinho@live.com\",\"valor\":2577.00,\"parcelas\":32,\"seguro\":true},{\"id\":186,\"nome\":\"André\",\"cpf\":\"808.353.785-41\",\"email\":\"lavinia.fernandes@hotmail.com\",\"valor\":2358.00,\"parcelas\":34,\"seguro\":true},{\"id\":187,\"nome\":\"Mathias\",\"cpf\":\"2034062583\",\"email\":\"ian.carneiro@bol.com.br\",\"valor\":2600.00,\"parcelas\":37,\"seguro\":true},{\"id\":188,\"nome\":\"Lucas Gabriel\",\"cpf\":\"1073575580\",\"email\":\"luizotavio.coutinho@bol.com.br\",\"valor\":2691.00,\"parcelas\":37,\"seguro\":true},{\"id\":189,\"nome\":\"Louise\",\"cpf\":\"031.947.852-55\",\"email\":\"anabeatriz.delara@hotmail.com\",\"valor\":2250.00,\"parcelas\":39,\"seguro\":true},{\"id\":192,\"nome\":\"Maria Valentina\",\"cpf\":\"2827414346\",\"email\":\"joaoluca.daluz@yahoo.com\",\"valor\":2566.00,\"parcelas\":32,\"seguro\":true}]"
	at org.hamcrest.MatcherAssert.assertThat(MatcherAssert.java:18)
	at org.hamcrest.MatcherAssert.assertThat(MatcherAssert.java:6)
	at tests.Simulacoes.TestGetSimulacoes.deveValidarSchema(TestGetSimulacoes.java:42)
	at java.base/jdk.internal.reflect.DirectMethodHandleAccessor.invoke(DirectMethodHandleAccessor.java:104)
	at java.base/java.lang.reflect.Method.invoke(Method.java:578)
	at org.junit.platform.commons.util.ReflectionUtils.invokeMethod(ReflectionUtils.java:727)
	at org.junit.jupiter.engine.execution.MethodInvocation.proceed(MethodInvocation.java:60)
	at org.junit.jupiter.engine.execution.InvocationInterceptorChain$ValidatingInvocation.proceed(InvocationInterceptorChain.java:131)
	at org.junit.jupiter.api.extension.InvocationInterceptor.interceptTestMethod(InvocationInterceptor.java:118)
	at org.junit.jupiter.engine.execution.InterceptingExecutableInvoker$ReflectiveInterceptorCall.lambda$ofVoidMethod$0(InterceptingExecutableInvoker.java:103)
	at org.junit.jupiter.engine.execution.InterceptingExecutableInvoker.lambda$invoke$0(InterceptingExecutableInvoker.java:93)
	at org.junit.jupiter.engine.execution.InvocationInterceptorChain$InterceptedInvocation.proceed(InvocationInterceptorChain.java:106)
	at org.junit.jupiter.engine.extension.TimeoutExtension.intercept(TimeoutExtension.java:156)
	at org.junit.jupiter.engine.extension.TimeoutExtension.interceptTestableMethod(TimeoutExtension.java:147)
	at org.junit.jupiter.engine.extension.TimeoutExtension.interceptTestMethod(TimeoutExtension.java:86)
	at org.junit.jupiter.engine.execution.InterceptingExecutableInvoker$ReflectiveInterceptorCall.lambda$ofVoidMethod$0(InterceptingExecutableInvoker.java:103)
	at org.junit.jupiter.engine.execution.InterceptingExecutableInvoker.lambda$invoke$0(InterceptingExecutableInvoker.java:93)
	at org.junit.jupiter.engine.execution.InvocationInterceptorChain$InterceptedInvocation.proceed(InvocationInterceptorChain.java:106)
	at org.junit.jupiter.engine.execution.InvocationInterceptorChain.proceed(InvocationInterceptorChain.java:64)
	at org.junit.jupiter.engine.execution.InvocationInterceptorChain.chainAndInvoke(InvocationInterceptorChain.java:45)
	at org.junit.jupiter.engine.execution.InvocationInterceptorChain.invoke(InvocationInterceptorChain.java:37)
	at org.junit.jupiter.engine.execution.InterceptingExecutableInvoker.invoke(InterceptingExecutableInvoker.java:92)
	at org.junit.jupiter.engine.execution.InterceptingExecutableInvoker.invoke(InterceptingExecutableInvoker.java:86)
	at org.junit.jupiter.engine.descriptor.TestMethodTestDescriptor.lambda$invokeTestMethod$7(TestMethodTestDescriptor.java:217)
	at org.junit.platform.engine.support.hierarchical.ThrowableCollector.execute(ThrowableCollector.java:73)
	at org.junit.jupiter.engine.descriptor.TestMethodTestDescriptor.invokeTestMethod(TestMethodTestDescriptor.java:213)
	at org.junit.jupiter.engine.descriptor.TestMethodTestDescriptor.execute(TestMethodTestDescriptor.java:138)
	at org.junit.jupiter.engine.descriptor.TestMethodTestDescriptor.execute(TestMethodTestDescriptor.java:68)
	at org.junit.platform.engine.support.hierarchical.NodeTestTask.lambda$executeRecursively$6(NodeTestTask.java:151)
	at org.junit.platform.engine.support.hierarchical.ThrowableCollector.execute(ThrowableCollector.java:73)
	at org.junit.platform.engine.support.hierarchical.NodeTestTask.lambda$executeRecursively$8(NodeTestTask.java:141)
	at org.junit.platform.engine.support.hierarchical.Node.around(Node.java:137)
	at org.junit.platform.engine.support.hierarchical.NodeTestTask.lambda$executeRecursively$9(NodeTestTask.java:139)
	at org.junit.platform.engine.support.hierarchical.ThrowableCollector.execute(ThrowableCollector.java:73)
	at org.junit.platform.engine.support.hierarchical.NodeTestTask.executeRecursively(NodeTestTask.java:138)
	at org.junit.platform.engine.support.hierarchical.NodeTestTask.execute(NodeTestTask.java:95)
	at java.base/java.util.ArrayList.forEach(ArrayList.java:1511)
	at org.junit.platform.engine.support.hierarchical.SameThreadHierarchicalTestExecutorService.invokeAll(SameThreadHierarchicalTestExecutorService.java:41)
	at org.junit.platform.engine.support.hierarchical.NodeTestTask.lambda$executeRecursively$6(NodeTestTask.java:155)
	at org.junit.platform.engine.support.hierarchical.ThrowableCollector.execute(ThrowableCollector.java:73)
	at org.junit.platform.engine.support.hierarchical.NodeTestTask.lambda$executeRecursively$8(NodeTestTask.java:141)
	at org.junit.platform.engine.support.hierarchical.Node.around(Node.java:137)
	at org.junit.platform.engine.support.hierarchical.NodeTestTask.lambda$executeRecursively$9(NodeTestTask.java:139)
	at org.junit.platform.engine.support.hierarchical.ThrowableCollector.execute(ThrowableCollector.java:73)
	at org.junit.platform.engine.support.hierarchical.NodeTestTask.executeRecursively(NodeTestTask.java:138)
	at org.junit.platform.engine.support.hierarchical.NodeTestTask.execute(NodeTestTask.java:95)
	at java.base/java.util.ArrayList.forEach(ArrayList.java:1511)
	at org.junit.platform.engine.support.hierarchical.SameThreadHierarchicalTestExecutorService.invokeAll(SameThreadHierarchicalTestExecutorService.java:41)
	at org.junit.platform.engine.support.hierarchical.NodeTestTask.lambda$executeRecursively$6(NodeTestTask.java:155)
	at org.junit.platform.engine.support.hierarchical.ThrowableCollector.execute(ThrowableCollector.java:73)
	at org.junit.platform.engine.support.hierarchical.NodeTestTask.lambda$executeRecursively$8(NodeTestTask.java:141)
	at org.junit.platform.engine.support.hierarchical.Node.around(Node.java:137)
	at org.junit.platform.engine.support.hierarchical.NodeTestTask.lambda$executeRecursively$9(NodeTestTask.java:139)
	at org.junit.platform.engine.support.hierarchical.ThrowableCollector.execute(ThrowableCollector.java:73)
	at org.junit.platform.engine.support.hierarchical.NodeTestTask.executeRecursively(NodeTestTask.java:138)
	at org.junit.platform.engine.support.hierarchical.NodeTestTask.execute(NodeTestTask.java:95)
	at org.junit.platform.engine.support.hierarchical.SameThreadHierarchicalTestExecutorService.submit(SameThreadHierarchicalTestExecutorService.java:35)
	at org.junit.platform.engine.support.hierarchical.HierarchicalTestExecutor.execute(HierarchicalTestExecutor.java:57)
	at org.junit.platform.engine.support.hierarchical.HierarchicalTestEngine.execute(HierarchicalTestEngine.java:54)
	at org.junit.platform.launcher.core.EngineExecutionOrchestrator.execute(EngineExecutionOrchestrator.java:107)
	at org.junit.platform.launcher.core.EngineExecutionOrchestrator.execute(EngineExecutionOrchestrator.java:88)
	at org.junit.platform.launcher.core.EngineExecutionOrchestrator.lambda$execute$0(EngineExecutionOrchestrator.java:54)
	at org.junit.platform.launcher.core.EngineExecutionOrchestrator.withInterceptedStreams(EngineExecutionOrchestrator.java:67)
	at org.junit.platform.launcher.core.EngineExecutionOrchestrator.execute(EngineExecutionOrchestrator.java:52)
	at org.junit.platform.launcher.core.DefaultLauncher.execute(DefaultLauncher.java:114)
	at org.junit.platform.launcher.core.DefaultLauncher.execute(DefaultLauncher.java:86)
	at org.junit.platform.launcher.core.DefaultLauncherSession$DelegatingLauncher.execute(DefaultLauncherSession.java:86)
	at org.apache.maven.surefire.junitplatform.LazyLauncher.execute(LazyLauncher.java:55)
	at org.apache.maven.surefire.junitplatform.JUnitPlatformProvider.execute(JUnitPlatformProvider.java:223)
	at org.apache.maven.surefire.junitplatform.JUnitPlatformProvider.invokeAllTests(JUnitPlatformProvider.java:175)
	at org.apache.maven.surefire.junitplatform.JUnitPlatformProvider.invoke(JUnitPlatformProvider.java:139)
	at org.apache.maven.surefire.booter.ForkedBooter.runSuitesInProcess(ForkedBooter.java:456)
	at org.apache.maven.surefire.booter.ForkedBooter.execute(ForkedBooter.java:169)
	at org.apache.maven.surefire.booter.ForkedBooter.run(ForkedBooter.java:595)
	at org.apache.maven.surefire.booter.ForkedBooter.main(ForkedBooter.java:581)
]]></failure>
  </testcase>
</testsuite>