<?xml version="1.0" encoding="UTF-8"?>
<testsuite xmlns:xsi="http://www.w3.org/2001/XMLSchema-instance" xsi:noNamespaceSchemaLocation="https://maven.apache.org/surefire/maven-surefire-plugin/xsd/surefire-test-report-3.0.xsd" version="3.0" name="tests.Restricoes.TestPostRestricoes" time="0.073" tests="3" errors="0" skipped="0" failures="0">
  <properties>
[...]
</properties>
  <testcase name="deveRecusarPostCpfSemRestricao" classname="tests.Restricoes.TestPostRestricoes" time="0.027"/>
  <testcase name="deveRecusarPostCpfRestricao" classname="tests.Restricoes.TestPostRestricoes" time="0.013"/>
  <testcase name="deveRecusarPostRaiz" classname="tests.Restricoes.TestPostRestricoes" time="0.025"/>
</testsuite>